{"/Users/putriindaht/Hacktiv/3-PHASE/server/serenify-server/app.js": {"path":"/Users/putriindaht/Hacktiv/3-PHASE/server/serenify-server/app.js","statementMap":{"0":{"start":{"line":1,"column":0},"end":{"line":1,"column":27}},"1":{"start":{"line":2,"column":16},"end":{"line":2,"column":34}},"2":{"start":{"line":3,"column":15},"end":{"line":3,"column":36}},"3":{"start":{"line":4,"column":11},"end":{"line":4,"column":26}},"4":{"start":{"line":5,"column":25},"end":{"line":5,"column":62}},"5":{"start":{"line":6,"column":12},"end":{"line":6,"column":21}},"6":{"start":{"line":8,"column":0},"end":{"line":8,"column":16}},"7":{"start":{"line":9,"column":0},"end":{"line":9,"column":48}},"8":{"start":{"line":10,"column":0},"end":{"line":10,"column":24}},"9":{"start":{"line":12,"column":0},"end":{"line":12,"column":16}},"10":{"start":{"line":13,"column":0},"end":{"line":13,"column":22}},"11":{"start":{"line":15,"column":0},"end":{"line":15,"column":21}}},"fnMap":{},"branchMap":{},"s":{"0":6,"1":6,"2":6,"3":6,"4":6,"5":6,"6":6,"7":6,"8":6,"9":6,"10":6,"11":6},"f":{},"b":{},"_coverageSchema":"1a1c01bbd47fc00a2c39e90264f33305004495a9","hash":"b83b3e596260bc38f847d6f7ebfd0ca98503ea1a"}
,"/Users/putriindaht/Hacktiv/3-PHASE/server/serenify-server/controllers/activityController.js": {"path":"/Users/putriindaht/Hacktiv/3-PHASE/server/serenify-server/controllers/activityController.js","statementMap":{"0":{"start":{"line":1,"column":21},"end":{"line":1,"column":42}},"1":{"start":{"line":4,"column":4},"end":{"line":12,"column":5}},"2":{"start":{"line":5,"column":25},"end":{"line":5,"column":49}},"3":{"start":{"line":7,"column":6},"end":{"line":7,"column":62}},"4":{"start":{"line":7,"column":35},"end":{"line":7,"column":62}},"5":{"start":{"line":9,"column":6},"end":{"line":9,"column":39}},"6":{"start":{"line":11,"column":6},"end":{"line":11,"column":16}},"7":{"start":{"line":15,"column":0},"end":{"line":15,"column":36}}},"fnMap":{"0":{"name":"(anonymous_0)","decl":{"start":{"line":3,"column":2},"end":{"line":3,"column":3}},"loc":{"start":{"line":3,"column":45},"end":{"line":13,"column":3}},"line":3}},"branchMap":{"0":{"loc":{"start":{"line":7,"column":6},"end":{"line":7,"column":62}},"type":"if","locations":[{"start":{"line":7,"column":6},"end":{"line":7,"column":62}},{"start":{},"end":{}}],"line":7}},"s":{"0":6,"1":2,"2":2,"3":2,"4":1,"5":1,"6":1,"7":6},"f":{"0":2},"b":{"0":[1,1]},"_coverageSchema":"1a1c01bbd47fc00a2c39e90264f33305004495a9","hash":"ef514a77f31661d6560ced81106256bf95946312"}
,"/Users/putriindaht/Hacktiv/3-PHASE/server/serenify-server/controllers/mentorScheduleController.js": {"path":"/Users/putriindaht/Hacktiv/3-PHASE/server/serenify-server/controllers/mentorScheduleController.js","statementMap":{"0":{"start":{"line":1,"column":33},"end":{"line":1,"column":53}},"1":{"start":{"line":5,"column":4},"end":{"line":21,"column":5}},"2":{"start":{"line":6,"column":30},"end":{"line":14,"column":8}},"3":{"start":{"line":16,"column":6},"end":{"line":16,"column":67}},"4":{"start":{"line":16,"column":40},"end":{"line":16,"column":67}},"5":{"start":{"line":18,"column":6},"end":{"line":18,"column":44}},"6":{"start":{"line":20,"column":6},"end":{"line":20,"column":16}},"7":{"start":{"line":25,"column":4},"end":{"line":39,"column":5}},"8":{"start":{"line":26,"column":23},"end":{"line":26,"column":31}},"9":{"start":{"line":27,"column":33},"end":{"line":27,"column":51}},"10":{"start":{"line":29,"column":6},"end":{"line":29,"column":48}},"11":{"start":{"line":29,"column":17},"end":{"line":29,"column":48}},"12":{"start":{"line":31,"column":26},"end":{"line":34,"column":8}},"13":{"start":{"line":36,"column":6},"end":{"line":36,"column":40}},"14":{"start":{"line":38,"column":6},"end":{"line":38,"column":16}},"15":{"start":{"line":43,"column":4},"end":{"line":58,"column":5}},"16":{"start":{"line":44,"column":21},"end":{"line":44,"column":31}},"17":{"start":{"line":46,"column":28},"end":{"line":46,"column":75}},"18":{"start":{"line":48,"column":6},"end":{"line":48,"column":53}},"19":{"start":{"line":48,"column":26},"end":{"line":48,"column":53}},"20":{"start":{"line":51,"column":8},"end":{"line":51,"column":74}},"21":{"start":{"line":53,"column":6},"end":{"line":53,"column":80}},"22":{"start":{"line":55,"column":6},"end":{"line":55,"column":58}},"23":{"start":{"line":57,"column":6},"end":{"line":57,"column":16}},"24":{"start":{"line":62,"column":4},"end":{"line":79,"column":5}},"25":{"start":{"line":63,"column":21},"end":{"line":63,"column":31}},"26":{"start":{"line":64,"column":21},"end":{"line":68,"column":8}},"27":{"start":{"line":70,"column":6},"end":{"line":70,"column":46}},"28":{"start":{"line":70,"column":19},"end":{"line":70,"column":46}},"29":{"start":{"line":72,"column":24},"end":{"line":72,"column":71}},"30":{"start":{"line":74,"column":6},"end":{"line":76,"column":9}},"31":{"start":{"line":78,"column":6},"end":{"line":78,"column":16}},"32":{"start":{"line":82,"column":0},"end":{"line":82,"column":42}}},"fnMap":{"0":{"name":"(anonymous_0)","decl":{"start":{"line":4,"column":2},"end":{"line":4,"column":3}},"loc":{"start":{"line":4,"column":49},"end":{"line":22,"column":3}},"line":4},"1":{"name":"(anonymous_1)","decl":{"start":{"line":24,"column":2},"end":{"line":24,"column":3}},"loc":{"start":{"line":24,"column":52},"end":{"line":40,"column":3}},"line":24},"2":{"name":"(anonymous_2)","decl":{"start":{"line":42,"column":2},"end":{"line":42,"column":3}},"loc":{"start":{"line":42,"column":51},"end":{"line":59,"column":3}},"line":42},"3":{"name":"(anonymous_3)","decl":{"start":{"line":61,"column":2},"end":{"line":61,"column":3}},"loc":{"start":{"line":61,"column":52},"end":{"line":80,"column":3}},"line":61}},"branchMap":{"0":{"loc":{"start":{"line":16,"column":6},"end":{"line":16,"column":67}},"type":"if","locations":[{"start":{"line":16,"column":6},"end":{"line":16,"column":67}},{"start":{},"end":{}}],"line":16},"1":{"loc":{"start":{"line":29,"column":6},"end":{"line":29,"column":48}},"type":"if","locations":[{"start":{"line":29,"column":6},"end":{"line":29,"column":48}},{"start":{},"end":{}}],"line":29},"2":{"loc":{"start":{"line":48,"column":6},"end":{"line":48,"column":53}},"type":"if","locations":[{"start":{"line":48,"column":6},"end":{"line":48,"column":53}},{"start":{},"end":{}}],"line":48},"3":{"loc":{"start":{"line":51,"column":8},"end":{"line":51,"column":74}},"type":"cond-expr","locations":[{"start":{"line":51,"column":47},"end":{"line":51,"column":60}},{"start":{"line":51,"column":63},"end":{"line":51,"column":74}}],"line":51},"4":{"loc":{"start":{"line":70,"column":6},"end":{"line":70,"column":46}},"type":"if","locations":[{"start":{"line":70,"column":6},"end":{"line":70,"column":46}},{"start":{},"end":{}}],"line":70}},"s":{"0":6,"1":2,"2":2,"3":2,"4":1,"5":1,"6":1,"7":4,"8":4,"9":4,"10":4,"11":1,"12":3,"13":3,"14":1,"15":2,"16":2,"17":2,"18":2,"19":1,"20":1,"21":1,"22":1,"23":1,"24":2,"25":2,"26":2,"27":2,"28":1,"29":1,"30":1,"31":1,"32":6},"f":{"0":2,"1":4,"2":2,"3":2},"b":{"0":[1,1],"1":[1,3],"2":[1,1],"3":[0,1],"4":[1,1]},"_coverageSchema":"1a1c01bbd47fc00a2c39e90264f33305004495a9","hash":"e661dfd9df69a6aa8e47ec4d7ea4405f43cc6535"}
,"/Users/putriindaht/Hacktiv/3-PHASE/server/serenify-server/controllers/packageController.js": {"path":"/Users/putriindaht/Hacktiv/3-PHASE/server/serenify-server/controllers/packageController.js","statementMap":{"0":{"start":{"line":1,"column":26},"end":{"line":1,"column":46}},"1":{"start":{"line":4,"column":4},"end":{"line":12,"column":5}},"2":{"start":{"line":5,"column":21},"end":{"line":5,"column":46}},"3":{"start":{"line":7,"column":6},"end":{"line":7,"column":58}},"4":{"start":{"line":7,"column":31},"end":{"line":7,"column":58}},"5":{"start":{"line":9,"column":6},"end":{"line":9,"column":35}},"6":{"start":{"line":11,"column":6},"end":{"line":11,"column":16}},"7":{"start":{"line":15,"column":4},"end":{"line":29,"column":5}},"8":{"start":{"line":16,"column":21},"end":{"line":16,"column":31}},"9":{"start":{"line":18,"column":21},"end":{"line":22,"column":8}},"10":{"start":{"line":24,"column":6},"end":{"line":24,"column":46}},"11":{"start":{"line":24,"column":19},"end":{"line":24,"column":46}},"12":{"start":{"line":26,"column":6},"end":{"line":26,"column":35}},"13":{"start":{"line":28,"column":6},"end":{"line":28,"column":16}},"14":{"start":{"line":33,"column":4},"end":{"line":48,"column":5}},"15":{"start":{"line":34,"column":53},"end":{"line":34,"column":61}},"16":{"start":{"line":36,"column":22},"end":{"line":41,"column":8}},"17":{"start":{"line":43,"column":6},"end":{"line":45,"column":9}},"18":{"start":{"line":47,"column":6},"end":{"line":47,"column":16}},"19":{"start":{"line":52,"column":4},"end":{"line":83,"column":5}},"20":{"start":{"line":53,"column":21},"end":{"line":53,"column":31}},"21":{"start":{"line":54,"column":53},"end":{"line":54,"column":61}},"22":{"start":{"line":56,"column":21},"end":{"line":60,"column":8}},"23":{"start":{"line":62,"column":6},"end":{"line":62,"column":46}},"24":{"start":{"line":62,"column":19},"end":{"line":62,"column":46}},"25":{"start":{"line":64,"column":6},"end":{"line":76,"column":8}},"26":{"start":{"line":78,"column":6},"end":{"line":80,"column":9}},"27":{"start":{"line":82,"column":6},"end":{"line":82,"column":18}},"28":{"start":{"line":87,"column":4},"end":{"line":107,"column":5}},"29":{"start":{"line":88,"column":21},"end":{"line":88,"column":31}},"30":{"start":{"line":90,"column":21},"end":{"line":94,"column":8}},"31":{"start":{"line":96,"column":6},"end":{"line":96,"column":26}},"32":{"start":{"line":98,"column":24},"end":{"line":98,"column":64}},"33":{"start":{"line":100,"column":6},"end":{"line":100,"column":52}},"34":{"start":{"line":100,"column":22},"end":{"line":100,"column":52}},"35":{"start":{"line":102,"column":6},"end":{"line":104,"column":9}},"36":{"start":{"line":106,"column":6},"end":{"line":106,"column":16}},"37":{"start":{"line":111,"column":0},"end":{"line":111,"column":35}}},"fnMap":{"0":{"name":"(anonymous_0)","decl":{"start":{"line":3,"column":2},"end":{"line":3,"column":3}},"loc":{"start":{"line":3,"column":46},"end":{"line":13,"column":3}},"line":3},"1":{"name":"(anonymous_1)","decl":{"start":{"line":14,"column":2},"end":{"line":14,"column":3}},"loc":{"start":{"line":14,"column":46},"end":{"line":30,"column":3}},"line":14},"2":{"name":"(anonymous_2)","decl":{"start":{"line":32,"column":2},"end":{"line":32,"column":3}},"loc":{"start":{"line":32,"column":45},"end":{"line":49,"column":3}},"line":32},"3":{"name":"(anonymous_3)","decl":{"start":{"line":51,"column":2},"end":{"line":51,"column":3}},"loc":{"start":{"line":51,"column":43},"end":{"line":84,"column":3}},"line":51},"4":{"name":"(anonymous_4)","decl":{"start":{"line":86,"column":2},"end":{"line":86,"column":3}},"loc":{"start":{"line":86,"column":45},"end":{"line":108,"column":3}},"line":86}},"branchMap":{"0":{"loc":{"start":{"line":7,"column":6},"end":{"line":7,"column":58}},"type":"if","locations":[{"start":{"line":7,"column":6},"end":{"line":7,"column":58}},{"start":{},"end":{}}],"line":7},"1":{"loc":{"start":{"line":24,"column":6},"end":{"line":24,"column":46}},"type":"if","locations":[{"start":{"line":24,"column":6},"end":{"line":24,"column":46}},{"start":{},"end":{}}],"line":24},"2":{"loc":{"start":{"line":62,"column":6},"end":{"line":62,"column":46}},"type":"if","locations":[{"start":{"line":62,"column":6},"end":{"line":62,"column":46}},{"start":{},"end":{}}],"line":62},"3":{"loc":{"start":{"line":100,"column":6},"end":{"line":100,"column":52}},"type":"if","locations":[{"start":{"line":100,"column":6},"end":{"line":100,"column":52}},{"start":{},"end":{}}],"line":100}},"s":{"0":6,"1":2,"2":2,"3":2,"4":1,"5":1,"6":1,"7":2,"8":2,"9":2,"10":2,"11":1,"12":1,"13":1,"14":2,"15":2,"16":2,"17":1,"18":1,"19":2,"20":2,"21":2,"22":2,"23":2,"24":1,"25":1,"26":1,"27":1,"28":2,"29":2,"30":2,"31":2,"32":2,"33":2,"34":1,"35":1,"36":1,"37":6},"f":{"0":2,"1":2,"2":2,"3":2,"4":2},"b":{"0":[1,1],"1":[1,1],"2":[1,1],"3":[1,1]},"_coverageSchema":"1a1c01bbd47fc00a2c39e90264f33305004495a9","hash":"fdaa1805ca4640bf16f55537fb44423433a98025"}
,"/Users/putriindaht/Hacktiv/3-PHASE/server/serenify-server/controllers/paymentController.js": {"path":"/Users/putriindaht/Hacktiv/3-PHASE/server/serenify-server/controllers/paymentController.js","statementMap":{"0":{"start":{"line":1,"column":15},"end":{"line":3,"column":1}},"1":{"start":{"line":4,"column":39},"end":{"line":4,"column":59}},"2":{"start":{"line":5,"column":23},"end":{"line":5,"column":38}},"3":{"start":{"line":9,"column":4},"end":{"line":39,"column":5}},"4":{"start":{"line":10,"column":6},"end":{"line":10,"column":44}},"5":{"start":{"line":11,"column":25},"end":{"line":11,"column":43}},"6":{"start":{"line":12,"column":28},"end":{"line":12,"column":36}},"7":{"start":{"line":14,"column":6},"end":{"line":14,"column":36}},"8":{"start":{"line":16,"column":26},"end":{"line":16,"column":59}},"9":{"start":{"line":18,"column":6},"end":{"line":20,"column":7}},"10":{"start":{"line":19,"column":8},"end":{"line":19,"column":37}},"11":{"start":{"line":22,"column":28},"end":{"line":28,"column":8}},"12":{"start":{"line":30,"column":6},"end":{"line":36,"column":9}},"13":{"start":{"line":38,"column":6},"end":{"line":38,"column":18}},"14":{"start":{"line":43,"column":4},"end":{"line":65,"column":5}},"15":{"start":{"line":44,"column":28},"end":{"line":44,"column":36}},"16":{"start":{"line":46,"column":26},"end":{"line":46,"column":59}},"17":{"start":{"line":48,"column":6},"end":{"line":50,"column":7}},"18":{"start":{"line":49,"column":8},"end":{"line":49,"column":37}},"19":{"start":{"line":52,"column":22},"end":{"line":52,"column":49}},"20":{"start":{"line":53,"column":26},"end":{"line":58,"column":8}},"21":{"start":{"line":60,"column":6},"end":{"line":62,"column":77}},"22":{"start":{"line":64,"column":6},"end":{"line":64,"column":18}},"23":{"start":{"line":69,"column":0},"end":{"line":69,"column":35}}},"fnMap":{"0":{"name":"(anonymous_0)","decl":{"start":{"line":8,"column":2},"end":{"line":8,"column":3}},"loc":{"start":{"line":8,"column":49},"end":{"line":40,"column":3}},"line":8},"1":{"name":"(anonymous_1)","decl":{"start":{"line":42,"column":2},"end":{"line":42,"column":3}},"loc":{"start":{"line":42,"column":46},"end":{"line":66,"column":3}},"line":42}},"branchMap":{"0":{"loc":{"start":{"line":18,"column":6},"end":{"line":20,"column":7}},"type":"if","locations":[{"start":{"line":18,"column":6},"end":{"line":20,"column":7}},{"start":{},"end":{}}],"line":18},"1":{"loc":{"start":{"line":48,"column":6},"end":{"line":50,"column":7}},"type":"if","locations":[{"start":{"line":48,"column":6},"end":{"line":50,"column":7}},{"start":{},"end":{}}],"line":48}},"s":{"0":6,"1":6,"2":6,"3":3,"4":3,"5":3,"6":3,"7":3,"8":3,"9":3,"10":1,"11":2,"12":2,"13":1,"14":2,"15":2,"16":2,"17":2,"18":1,"19":1,"20":1,"21":1,"22":1,"23":6},"f":{"0":3,"1":2},"b":{"0":[1,2],"1":[1,1]},"_coverageSchema":"1a1c01bbd47fc00a2c39e90264f33305004495a9","hash":"67cb552e7433030bd484d2a66645bdff5a9deeae"}
,"/Users/putriindaht/Hacktiv/3-PHASE/server/serenify-server/controllers/roomController.js": {"path":"/Users/putriindaht/Hacktiv/3-PHASE/server/serenify-server/controllers/roomController.js","statementMap":{"0":{"start":{"line":1,"column":22},"end":{"line":1,"column":47}},"1":{"start":{"line":2,"column":23},"end":{"line":2,"column":49}},"2":{"start":{"line":3,"column":16},"end":{"line":6,"column":1}},"3":{"start":{"line":10,"column":4},"end":{"line":19,"column":5}},"4":{"start":{"line":11,"column":23},"end":{"line":14,"column":8}},"5":{"start":{"line":15,"column":20},"end":{"line":15,"column":41}},"6":{"start":{"line":16,"column":6},"end":{"line":16,"column":34}},"7":{"start":{"line":18,"column":6},"end":{"line":18,"column":23}},"8":{"start":{"line":24,"column":4},"end":{"line":41,"column":5}},"9":{"start":{"line":25,"column":23},"end":{"line":36,"column":8}},"10":{"start":{"line":37,"column":22},"end":{"line":37,"column":43}},"11":{"start":{"line":38,"column":6},"end":{"line":38,"column":36}},"12":{"start":{"line":40,"column":6},"end":{"line":40,"column":23}},"13":{"start":{"line":45,"column":4},"end":{"line":55,"column":5}},"14":{"start":{"line":46,"column":23},"end":{"line":46,"column":33}},"15":{"start":{"line":47,"column":23},"end":{"line":50,"column":8}},"16":{"start":{"line":51,"column":26},"end":{"line":51,"column":47}},"17":{"start":{"line":52,"column":6},"end":{"line":52,"column":40}},"18":{"start":{"line":54,"column":6},"end":{"line":54,"column":23}},"19":{"start":{"line":58,"column":0},"end":{"line":58,"column":32}}},"fnMap":{"0":{"name":"(anonymous_0)","decl":{"start":{"line":9,"column":2},"end":{"line":9,"column":3}},"loc":{"start":{"line":9,"column":39},"end":{"line":20,"column":3}},"line":9},"1":{"name":"(anonymous_1)","decl":{"start":{"line":22,"column":2},"end":{"line":22,"column":3}},"loc":{"start":{"line":22,"column":42},"end":{"line":42,"column":3}},"line":22},"2":{"name":"(anonymous_2)","decl":{"start":{"line":44,"column":2},"end":{"line":44,"column":3}},"loc":{"start":{"line":44,"column":42},"end":{"line":56,"column":3}},"line":44}},"branchMap":{},"s":{"0":6,"1":6,"2":6,"3":1,"4":1,"5":1,"6":1,"7":0,"8":1,"9":1,"10":1,"11":1,"12":0,"13":1,"14":1,"15":1,"16":1,"17":1,"18":0,"19":6},"f":{"0":1,"1":1,"2":1},"b":{},"_coverageSchema":"1a1c01bbd47fc00a2c39e90264f33305004495a9","hash":"b1decea9c49a4e7aa5776e137cf1255b8d480698"}
,"/Users/putriindaht/Hacktiv/3-PHASE/server/serenify-server/controllers/userController.js": {"path":"/Users/putriindaht/Hacktiv/3-PHASE/server/serenify-server/controllers/userController.js","statementMap":{"0":{"start":{"line":1,"column":26},"end":{"line":1,"column":54}},"1":{"start":{"line":2,"column":26},"end":{"line":2,"column":51}},"2":{"start":{"line":3,"column":39},"end":{"line":3,"column":60}},"3":{"start":{"line":7,"column":4},"end":{"line":16,"column":5}},"4":{"start":{"line":8,"column":19},"end":{"line":8,"column":39}},"5":{"start":{"line":9,"column":20},"end":{"line":12,"column":8}},"6":{"start":{"line":10,"column":65},"end":{"line":10,"column":69}},"7":{"start":{"line":11,"column":8},"end":{"line":11,"column":64}},"8":{"start":{"line":13,"column":6},"end":{"line":13,"column":34}},"9":{"start":{"line":15,"column":6},"end":{"line":15,"column":16}},"10":{"start":{"line":20,"column":4},"end":{"line":32,"column":5}},"11":{"start":{"line":21,"column":19},"end":{"line":21,"column":65}},"12":{"start":{"line":22,"column":6},"end":{"line":29,"column":9}},"13":{"start":{"line":31,"column":6},"end":{"line":31,"column":16}},"14":{"start":{"line":36,"column":4},"end":{"line":56,"column":5}},"15":{"start":{"line":38,"column":8},"end":{"line":38,"column":16}},"16":{"start":{"line":40,"column":19},"end":{"line":48,"column":8}},"17":{"start":{"line":50,"column":6},"end":{"line":53,"column":9}},"18":{"start":{"line":55,"column":6},"end":{"line":55,"column":18}},"19":{"start":{"line":60,"column":4},"end":{"line":87,"column":5}},"20":{"start":{"line":61,"column":34},"end":{"line":61,"column":42}},"21":{"start":{"line":63,"column":19},"end":{"line":67,"column":8}},"22":{"start":{"line":68,"column":6},"end":{"line":70,"column":7}},"23":{"start":{"line":69,"column":8},"end":{"line":69,"column":34}},"24":{"start":{"line":71,"column":20},"end":{"line":75,"column":8}},"25":{"start":{"line":76,"column":6},"end":{"line":84,"column":7}},"26":{"start":{"line":77,"column":8},"end":{"line":83,"column":11}},"27":{"start":{"line":86,"column":6},"end":{"line":86,"column":18}},"28":{"start":{"line":91,"column":4},"end":{"line":114,"column":5}},"29":{"start":{"line":92,"column":29},"end":{"line":92,"column":47}},"30":{"start":{"line":93,"column":46},"end":{"line":93,"column":54}},"31":{"start":{"line":94,"column":23},"end":{"line":105,"column":7}},"32":{"start":{"line":107,"column":6},"end":{"line":107,"column":48}},"33":{"start":{"line":107,"column":21},"end":{"line":107,"column":48}},"34":{"start":{"line":109,"column":6},"end":{"line":111,"column":9}},"35":{"start":{"line":113,"column":6},"end":{"line":113,"column":18}},"36":{"start":{"line":118,"column":4},"end":{"line":139,"column":5}},"37":{"start":{"line":119,"column":21},"end":{"line":119,"column":31}},"38":{"start":{"line":121,"column":19},"end":{"line":121,"column":42}},"39":{"start":{"line":123,"column":6},"end":{"line":125,"column":7}},"40":{"start":{"line":124,"column":8},"end":{"line":124,"column":35}},"41":{"start":{"line":127,"column":25},"end":{"line":129,"column":8}},"42":{"start":{"line":131,"column":6},"end":{"line":136,"column":7}},"43":{"start":{"line":132,"column":8},"end":{"line":135,"column":11}},"44":{"start":{"line":138,"column":6},"end":{"line":138,"column":18}},"45":{"start":{"line":143,"column":4},"end":{"line":189,"column":5}},"46":{"start":{"line":144,"column":25},"end":{"line":144,"column":43}},"47":{"start":{"line":145,"column":6},"end":{"line":145,"column":30}},"48":{"start":{"line":147,"column":19},"end":{"line":154,"column":8}},"49":{"start":{"line":155,"column":6},"end":{"line":158,"column":7}},"50":{"start":{"line":156,"column":8},"end":{"line":156,"column":36}},"51":{"start":{"line":157,"column":8},"end":{"line":157,"column":15}},"52":{"start":{"line":160,"column":34},"end":{"line":160,"column":38}},"53":{"start":{"line":162,"column":18},"end":{"line":162,"column":28}},"54":{"start":{"line":163,"column":22},"end":{"line":163,"column":51}},"55":{"start":{"line":166,"column":23},"end":{"line":166,"column":42}},"56":{"start":{"line":167,"column":6},"end":{"line":167,"column":50}},"57":{"start":{"line":170,"column":22},"end":{"line":170,"column":41}},"58":{"start":{"line":171,"column":6},"end":{"line":171,"column":55}},"59":{"start":{"line":172,"column":6},"end":{"line":172,"column":33}},"60":{"start":{"line":173,"column":25},"end":{"line":173,"column":29}},"61":{"start":{"line":174,"column":6},"end":{"line":184,"column":7}},"62":{"start":{"line":178,"column":8},"end":{"line":178,"column":29}},"63":{"start":{"line":179,"column":13},"end":{"line":184,"column":7}},"64":{"start":{"line":183,"column":8},"end":{"line":183,"column":29}},"65":{"start":{"line":185,"column":6},"end":{"line":185,"column":56}},"66":{"start":{"line":186,"column":6},"end":{"line":186,"column":41}},"67":{"start":{"line":188,"column":6},"end":{"line":188,"column":16}},"68":{"start":{"line":193,"column":0},"end":{"line":193,"column":32}}},"fnMap":{"0":{"name":"(anonymous_0)","decl":{"start":{"line":6,"column":2},"end":{"line":6,"column":3}},"loc":{"start":{"line":6,"column":40},"end":{"line":17,"column":3}},"line":6},"1":{"name":"(anonymous_1)","decl":{"start":{"line":9,"column":29},"end":{"line":9,"column":30}},"loc":{"start":{"line":9,"column":39},"end":{"line":12,"column":7}},"line":9},"2":{"name":"(anonymous_2)","decl":{"start":{"line":19,"column":2},"end":{"line":19,"column":3}},"loc":{"start":{"line":19,"column":43},"end":{"line":33,"column":3}},"line":19},"3":{"name":"(anonymous_3)","decl":{"start":{"line":35,"column":2},"end":{"line":35,"column":3}},"loc":{"start":{"line":35,"column":44},"end":{"line":57,"column":3}},"line":35},"4":{"name":"(anonymous_4)","decl":{"start":{"line":59,"column":2},"end":{"line":59,"column":3}},"loc":{"start":{"line":59,"column":41},"end":{"line":88,"column":3}},"line":59},"5":{"name":"(anonymous_5)","decl":{"start":{"line":90,"column":2},"end":{"line":90,"column":3}},"loc":{"start":{"line":90,"column":40},"end":{"line":115,"column":3}},"line":90},"6":{"name":"(anonymous_6)","decl":{"start":{"line":117,"column":2},"end":{"line":117,"column":3}},"loc":{"start":{"line":117,"column":42},"end":{"line":140,"column":3}},"line":117},"7":{"name":"(anonymous_7)","decl":{"start":{"line":142,"column":2},"end":{"line":142,"column":3}},"loc":{"start":{"line":142,"column":50},"end":{"line":190,"column":3}},"line":142}},"branchMap":{"0":{"loc":{"start":{"line":68,"column":6},"end":{"line":70,"column":7}},"type":"if","locations":[{"start":{"line":68,"column":6},"end":{"line":70,"column":7}},{"start":{},"end":{}}],"line":68},"1":{"loc":{"start":{"line":76,"column":6},"end":{"line":84,"column":7}},"type":"if","locations":[{"start":{"line":76,"column":6},"end":{"line":84,"column":7}},{"start":{},"end":{}}],"line":76},"2":{"loc":{"start":{"line":107,"column":6},"end":{"line":107,"column":48}},"type":"if","locations":[{"start":{"line":107,"column":6},"end":{"line":107,"column":48}},{"start":{},"end":{}}],"line":107},"3":{"loc":{"start":{"line":123,"column":6},"end":{"line":125,"column":7}},"type":"if","locations":[{"start":{"line":123,"column":6},"end":{"line":125,"column":7}},{"start":{},"end":{}}],"line":123},"4":{"loc":{"start":{"line":131,"column":6},"end":{"line":136,"column":7}},"type":"if","locations":[{"start":{"line":131,"column":6},"end":{"line":136,"column":7}},{"start":{},"end":{}}],"line":131},"5":{"loc":{"start":{"line":155,"column":6},"end":{"line":158,"column":7}},"type":"if","locations":[{"start":{"line":155,"column":6},"end":{"line":158,"column":7}},{"start":{},"end":{}}],"line":155},"6":{"loc":{"start":{"line":174,"column":6},"end":{"line":184,"column":7}},"type":"if","locations":[{"start":{"line":174,"column":6},"end":{"line":184,"column":7}},{"start":{"line":179,"column":13},"end":{"line":184,"column":7}}],"line":174},"7":{"loc":{"start":{"line":175,"column":8},"end":{"line":176,"column":24}},"type":"binary-expr","locations":[{"start":{"line":175,"column":8},"end":{"line":175,"column":56}},{"start":{"line":176,"column":8},"end":{"line":176,"column":24}}],"line":175},"8":{"loc":{"start":{"line":179,"column":13},"end":{"line":184,"column":7}},"type":"if","locations":[{"start":{"line":179,"column":13},"end":{"line":184,"column":7}},{"start":{},"end":{}}],"line":179},"9":{"loc":{"start":{"line":180,"column":8},"end":{"line":181,"column":23}},"type":"binary-expr","locations":[{"start":{"line":180,"column":8},"end":{"line":180,"column":55}},{"start":{"line":181,"column":8},"end":{"line":181,"column":23}}],"line":180}},"s":{"0":6,"1":6,"2":6,"3":1,"4":1,"5":1,"6":5,"7":5,"8":1,"9":0,"10":1,"11":1,"12":1,"13":0,"14":2,"15":2,"16":2,"17":1,"18":1,"19":3,"20":3,"21":3,"22":3,"23":2,"24":1,"25":1,"26":1,"27":2,"28":2,"29":2,"30":2,"31":2,"32":1,"33":0,"34":1,"35":1,"36":2,"37":2,"38":2,"39":2,"40":1,"41":1,"42":1,"43":1,"44":1,"45":2,"46":2,"47":2,"48":2,"49":2,"50":1,"51":1,"52":1,"53":1,"54":1,"55":1,"56":1,"57":1,"58":1,"59":1,"60":1,"61":1,"62":0,"63":1,"64":0,"65":1,"66":1,"67":0,"68":6},"f":{"0":1,"1":5,"2":1,"3":2,"4":3,"5":2,"6":2,"7":2},"b":{"0":[2,1],"1":[1,0],"2":[0,1],"3":[1,1],"4":[1,0],"5":[1,1],"6":[0,1],"7":[1,1],"8":[0,1],"9":[1,0]},"_coverageSchema":"1a1c01bbd47fc00a2c39e90264f33305004495a9","hash":"40efcd1ada12f811be2262d54a02de4825e5850c"}
,"/Users/putriindaht/Hacktiv/3-PHASE/server/serenify-server/helpers/bcrypt.js": {"path":"/Users/putriindaht/Hacktiv/3-PHASE/server/serenify-server/helpers/bcrypt.js","statementMap":{"0":{"start":{"line":1,"column":15},"end":{"line":1,"column":34}},"1":{"start":{"line":3,"column":22},"end":{"line":5,"column":1}},"2":{"start":{"line":4,"column":2},"end":{"line":4,"column":52}},"3":{"start":{"line":7,"column":21},"end":{"line":9,"column":1}},"4":{"start":{"line":8,"column":2},"end":{"line":8,"column":59}},"5":{"start":{"line":10,"column":0},"end":{"line":10,"column":49}}},"fnMap":{"0":{"name":"(anonymous_0)","decl":{"start":{"line":3,"column":22},"end":{"line":3,"column":23}},"loc":{"start":{"line":3,"column":50},"end":{"line":5,"column":1}},"line":3},"1":{"name":"(anonymous_1)","decl":{"start":{"line":7,"column":21},"end":{"line":7,"column":22}},"loc":{"start":{"line":7,"column":35},"end":{"line":9,"column":1}},"line":7}},"branchMap":{},"s":{"0":6,"1":6,"2":1,"3":6,"4":6,"5":6},"f":{"0":1,"1":6},"b":{},"_coverageSchema":"1a1c01bbd47fc00a2c39e90264f33305004495a9","hash":"1e6ee8c959b465c5d98b547da7310a9ebb85139e"}
,"/Users/putriindaht/Hacktiv/3-PHASE/server/serenify-server/helpers/jwt.js": {"path":"/Users/putriindaht/Hacktiv/3-PHASE/server/serenify-server/helpers/jwt.js","statementMap":{"0":{"start":{"line":1,"column":12},"end":{"line":1,"column":35}},"1":{"start":{"line":2,"column":19},"end":{"line":2,"column":41}},"2":{"start":{"line":4,"column":22},"end":{"line":6,"column":1}},"3":{"start":{"line":5,"column":2},"end":{"line":5,"column":39}},"4":{"start":{"line":8,"column":19},"end":{"line":10,"column":1}},"5":{"start":{"line":9,"column":2},"end":{"line":9,"column":39}},"6":{"start":{"line":12,"column":0},"end":{"line":12,"column":47}}},"fnMap":{"0":{"name":"(anonymous_0)","decl":{"start":{"line":4,"column":22},"end":{"line":4,"column":23}},"loc":{"start":{"line":4,"column":35},"end":{"line":6,"column":1}},"line":4},"1":{"name":"(anonymous_1)","decl":{"start":{"line":8,"column":19},"end":{"line":8,"column":20}},"loc":{"start":{"line":8,"column":30},"end":{"line":10,"column":1}},"line":8}},"branchMap":{},"s":{"0":6,"1":6,"2":6,"3":31,"4":6,"5":50,"6":6},"f":{"0":31,"1":50},"b":{},"_coverageSchema":"1a1c01bbd47fc00a2c39e90264f33305004495a9","hash":"d95051fda9e4d6464fb076f1cf32fd3916dd1b65"}
,"/Users/putriindaht/Hacktiv/3-PHASE/server/serenify-server/middlewares/Authentication.js": {"path":"/Users/putriindaht/Hacktiv/3-PHASE/server/serenify-server/middlewares/Authentication.js","statementMap":{"0":{"start":{"line":1,"column":23},"end":{"line":1,"column":48}},"1":{"start":{"line":2,"column":17},"end":{"line":2,"column":37}},"2":{"start":{"line":5,"column":2},"end":{"line":27,"column":3}},"3":{"start":{"line":6,"column":29},"end":{"line":6,"column":40}},"4":{"start":{"line":8,"column":4},"end":{"line":8,"column":53}},"5":{"start":{"line":8,"column":23},"end":{"line":8,"column":53}},"6":{"start":{"line":10,"column":20},"end":{"line":10,"column":44}},"7":{"start":{"line":12,"column":17},"end":{"line":16,"column":6}},"8":{"start":{"line":18,"column":4},"end":{"line":22,"column":6}},"9":{"start":{"line":24,"column":4},"end":{"line":24,"column":11}},"10":{"start":{"line":26,"column":4},"end":{"line":26,"column":16}},"11":{"start":{"line":30,"column":0},"end":{"line":30,"column":32}}},"fnMap":{"0":{"name":"Authentication","decl":{"start":{"line":4,"column":15},"end":{"line":4,"column":29}},"loc":{"start":{"line":4,"column":46},"end":{"line":28,"column":1}},"line":4}},"branchMap":{"0":{"loc":{"start":{"line":8,"column":4},"end":{"line":8,"column":53}},"type":"if","locations":[{"start":{"line":8,"column":4},"end":{"line":8,"column":53}},{"start":{},"end":{}}],"line":8}},"s":{"0":6,"1":6,"2":35,"3":35,"4":35,"5":1,"6":34,"7":33,"8":33,"9":33,"10":2,"11":6},"f":{"0":35},"b":{"0":[1,34]},"_coverageSchema":"1a1c01bbd47fc00a2c39e90264f33305004495a9","hash":"6b8e1703b6febfa5d13dbf625c4d46eac9977d14"}
,"/Users/putriindaht/Hacktiv/3-PHASE/server/serenify-server/middlewares/Authorization.js": {"path":"/Users/putriindaht/Hacktiv/3-PHASE/server/serenify-server/middlewares/Authorization.js","statementMap":{"0":{"start":{"line":1,"column":23},"end":{"line":1,"column":48}},"1":{"start":{"line":3,"column":22},"end":{"line":15,"column":1}},"2":{"start":{"line":4,"column":2},"end":{"line":14,"column":3}},"3":{"start":{"line":5,"column":20},"end":{"line":5,"column":56}},"4":{"start":{"line":7,"column":4},"end":{"line":11,"column":5}},"5":{"start":{"line":8,"column":6},"end":{"line":8,"column":37}},"6":{"start":{"line":10,"column":6},"end":{"line":10,"column":13}},"7":{"start":{"line":13,"column":4},"end":{"line":13,"column":14}},"8":{"start":{"line":17,"column":0},"end":{"line":17,"column":31}}},"fnMap":{"0":{"name":"(anonymous_0)","decl":{"start":{"line":3,"column":22},"end":{"line":3,"column":23}},"loc":{"start":{"line":3,"column":48},"end":{"line":15,"column":1}},"line":3}},"branchMap":{"0":{"loc":{"start":{"line":7,"column":4},"end":{"line":11,"column":5}},"type":"if","locations":[{"start":{"line":7,"column":4},"end":{"line":11,"column":5}},{"start":{"line":9,"column":11},"end":{"line":11,"column":5}}],"line":7}},"s":{"0":6,"1":6,"2":16,"3":16,"4":16,"5":2,"6":14,"7":2,"8":6},"f":{"0":16},"b":{"0":[2,14]},"_coverageSchema":"1a1c01bbd47fc00a2c39e90264f33305004495a9","hash":"65d7f543cdd61f2c6bc78e58e993f4ab6d381b9f"}
,"/Users/putriindaht/Hacktiv/3-PHASE/server/serenify-server/middlewares/errorHandler.js": {"path":"/Users/putriindaht/Hacktiv/3-PHASE/server/serenify-server/middlewares/errorHandler.js","statementMap":{"0":{"start":{"line":1,"column":21},"end":{"line":51,"column":1}},"1":{"start":{"line":2,"column":2},"end":{"line":2,"column":41}},"2":{"start":{"line":3,"column":2},"end":{"line":50,"column":3}},"3":{"start":{"line":4,"column":4},"end":{"line":6,"column":7}},"4":{"start":{"line":7,"column":9},"end":{"line":50,"column":3}},"5":{"start":{"line":8,"column":4},"end":{"line":10,"column":7}},"6":{"start":{"line":11,"column":9},"end":{"line":50,"column":3}},"7":{"start":{"line":12,"column":4},"end":{"line":14,"column":7}},"8":{"start":{"line":15,"column":9},"end":{"line":50,"column":3}},"9":{"start":{"line":16,"column":4},"end":{"line":18,"column":7}},"10":{"start":{"line":19,"column":9},"end":{"line":50,"column":3}},"11":{"start":{"line":20,"column":4},"end":{"line":22,"column":7}},"12":{"start":{"line":23,"column":9},"end":{"line":50,"column":3}},"13":{"start":{"line":28,"column":19},"end":{"line":28,"column":35}},"14":{"start":{"line":29,"column":19},"end":{"line":29,"column":21}},"15":{"start":{"line":30,"column":4},"end":{"line":32,"column":5}},"16":{"start":{"line":31,"column":6},"end":{"line":31,"column":43}},"17":{"start":{"line":33,"column":4},"end":{"line":33,"column":53}},"18":{"start":{"line":34,"column":9},"end":{"line":50,"column":3}},"19":{"start":{"line":35,"column":4},"end":{"line":37,"column":7}},"20":{"start":{"line":38,"column":9},"end":{"line":50,"column":3}},"21":{"start":{"line":39,"column":4},"end":{"line":41,"column":7}},"22":{"start":{"line":42,"column":9},"end":{"line":50,"column":3}},"23":{"start":{"line":43,"column":4},"end":{"line":45,"column":7}},"24":{"start":{"line":47,"column":4},"end":{"line":49,"column":7}},"25":{"start":{"line":53,"column":0},"end":{"line":53,"column":34}}},"fnMap":{"0":{"name":"(anonymous_0)","decl":{"start":{"line":1,"column":21},"end":{"line":1,"column":22}},"loc":{"start":{"line":1,"column":61},"end":{"line":51,"column":1}},"line":1}},"branchMap":{"0":{"loc":{"start":{"line":3,"column":2},"end":{"line":50,"column":3}},"type":"if","locations":[{"start":{"line":3,"column":2},"end":{"line":50,"column":3}},{"start":{"line":7,"column":9},"end":{"line":50,"column":3}}],"line":3},"1":{"loc":{"start":{"line":7,"column":9},"end":{"line":50,"column":3}},"type":"if","locations":[{"start":{"line":7,"column":9},"end":{"line":50,"column":3}},{"start":{"line":11,"column":9},"end":{"line":50,"column":3}}],"line":7},"2":{"loc":{"start":{"line":7,"column":13},"end":{"line":7,"column":75}},"type":"binary-expr","locations":[{"start":{"line":7,"column":13},"end":{"line":7,"column":45}},{"start":{"line":7,"column":49},"end":{"line":7,"column":75}}],"line":7},"3":{"loc":{"start":{"line":11,"column":9},"end":{"line":50,"column":3}},"type":"if","locations":[{"start":{"line":11,"column":9},"end":{"line":50,"column":3}},{"start":{"line":15,"column":9},"end":{"line":50,"column":3}}],"line":11},"4":{"loc":{"start":{"line":15,"column":9},"end":{"line":50,"column":3}},"type":"if","locations":[{"start":{"line":15,"column":9},"end":{"line":50,"column":3}},{"start":{"line":19,"column":9},"end":{"line":50,"column":3}}],"line":15},"5":{"loc":{"start":{"line":19,"column":9},"end":{"line":50,"column":3}},"type":"if","locations":[{"start":{"line":19,"column":9},"end":{"line":50,"column":3}},{"start":{"line":23,"column":9},"end":{"line":50,"column":3}}],"line":19},"6":{"loc":{"start":{"line":23,"column":9},"end":{"line":50,"column":3}},"type":"if","locations":[{"start":{"line":23,"column":9},"end":{"line":50,"column":3}},{"start":{"line":34,"column":9},"end":{"line":50,"column":3}}],"line":23},"7":{"loc":{"start":{"line":24,"column":4},"end":{"line":26,"column":41}},"type":"binary-expr","locations":[{"start":{"line":24,"column":4},"end":{"line":24,"column":43}},{"start":{"line":25,"column":4},"end":{"line":25,"column":49}},{"start":{"line":26,"column":4},"end":{"line":26,"column":41}}],"line":24},"8":{"loc":{"start":{"line":28,"column":19},"end":{"line":28,"column":35}},"type":"binary-expr","locations":[{"start":{"line":28,"column":19},"end":{"line":28,"column":29}},{"start":{"line":28,"column":33},"end":{"line":28,"column":35}}],"line":28},"9":{"loc":{"start":{"line":34,"column":9},"end":{"line":50,"column":3}},"type":"if","locations":[{"start":{"line":34,"column":9},"end":{"line":50,"column":3}},{"start":{"line":38,"column":9},"end":{"line":50,"column":3}}],"line":34},"10":{"loc":{"start":{"line":38,"column":9},"end":{"line":50,"column":3}},"type":"if","locations":[{"start":{"line":38,"column":9},"end":{"line":50,"column":3}},{"start":{"line":42,"column":9},"end":{"line":50,"column":3}}],"line":38},"11":{"loc":{"start":{"line":42,"column":9},"end":{"line":50,"column":3}},"type":"if","locations":[{"start":{"line":42,"column":9},"end":{"line":50,"column":3}},{"start":{"line":46,"column":9},"end":{"line":50,"column":3}}],"line":42}},"s":{"0":6,"1":21,"2":21,"3":0,"4":21,"5":2,"6":19,"7":8,"8":11,"9":2,"10":9,"11":2,"12":7,"13":3,"14":3,"15":3,"16":3,"17":3,"18":4,"19":1,"20":3,"21":1,"22":2,"23":2,"24":0,"25":6},"f":{"0":21},"b":{"0":[0,21],"1":[2,19],"2":[21,20],"3":[8,11],"4":[2,9],"5":[2,7],"6":[3,4],"7":[7,4,4],"8":[3,0],"9":[1,3],"10":[1,2],"11":[2,0]},"_coverageSchema":"1a1c01bbd47fc00a2c39e90264f33305004495a9","hash":"c5dbacfbfea930af96ebcbd8a4ecabf6de9a8b07"}
,"/Users/putriindaht/Hacktiv/3-PHASE/server/serenify-server/models/activity.js": {"path":"/Users/putriindaht/Hacktiv/3-PHASE/server/serenify-server/models/activity.js","statementMap":{"0":{"start":{"line":2,"column":18},"end":{"line":2,"column":38}},"1":{"start":{"line":3,"column":0},"end":{"line":63,"column":2}},"2":{"start":{"line":12,"column":6},"end":{"line":12,"column":64}},"3":{"start":{"line":13,"column":6},"end":{"line":15,"column":9}},"4":{"start":{"line":18,"column":2},"end":{"line":61,"column":4}},"5":{"start":{"line":62,"column":2},"end":{"line":62,"column":18}}},"fnMap":{"0":{"name":"(anonymous_0)","decl":{"start":{"line":3,"column":17},"end":{"line":3,"column":18}},"loc":{"start":{"line":3,"column":43},"end":{"line":63,"column":1}},"line":3},"1":{"name":"(anonymous_1)","decl":{"start":{"line":10,"column":4},"end":{"line":10,"column":5}},"loc":{"start":{"line":10,"column":29},"end":{"line":16,"column":5}},"line":10}},"branchMap":{},"s":{"0":6,"1":6,"2":6,"3":6,"4":6,"5":6},"f":{"0":6,"1":6},"b":{},"_coverageSchema":"1a1c01bbd47fc00a2c39e90264f33305004495a9","hash":"696d82213e7c107d4f4a6c96ea9fc4604f4a49ff"}
,"/Users/putriindaht/Hacktiv/3-PHASE/server/serenify-server/models/index.js": {"path":"/Users/putriindaht/Hacktiv/3-PHASE/server/serenify-server/models/index.js","statementMap":{"0":{"start":{"line":3,"column":11},"end":{"line":3,"column":24}},"1":{"start":{"line":4,"column":13},"end":{"line":4,"column":28}},"2":{"start":{"line":5,"column":18},"end":{"line":5,"column":38}},"3":{"start":{"line":6,"column":16},"end":{"line":6,"column":34}},"4":{"start":{"line":7,"column":17},"end":{"line":7,"column":42}},"5":{"start":{"line":8,"column":12},"end":{"line":8,"column":49}},"6":{"start":{"line":9,"column":15},"end":{"line":9,"column":65}},"7":{"start":{"line":10,"column":11},"end":{"line":10,"column":13}},"8":{"start":{"line":13,"column":0},"end":{"line":17,"column":1}},"9":{"start":{"line":14,"column":2},"end":{"line":14,"column":74}},"10":{"start":{"line":16,"column":2},"end":{"line":16,"column":87}},"11":{"start":{"line":19,"column":0},"end":{"line":32,"column":5}},"12":{"start":{"line":22,"column":4},"end":{"line":27,"column":6}},"13":{"start":{"line":30,"column":18},"end":{"line":30,"column":85}},"14":{"start":{"line":31,"column":4},"end":{"line":31,"column":27}},"15":{"start":{"line":34,"column":0},"end":{"line":38,"column":3}},"16":{"start":{"line":35,"column":2},"end":{"line":37,"column":3}},"17":{"start":{"line":36,"column":4},"end":{"line":36,"column":32}},"18":{"start":{"line":40,"column":0},"end":{"line":40,"column":25}},"19":{"start":{"line":41,"column":0},"end":{"line":41,"column":25}},"20":{"start":{"line":43,"column":0},"end":{"line":43,"column":20}}},"fnMap":{"0":{"name":"(anonymous_0)","decl":{"start":{"line":21,"column":10},"end":{"line":21,"column":11}},"loc":{"start":{"line":21,"column":18},"end":{"line":28,"column":3}},"line":21},"1":{"name":"(anonymous_1)","decl":{"start":{"line":29,"column":11},"end":{"line":29,"column":12}},"loc":{"start":{"line":29,"column":19},"end":{"line":32,"column":3}},"line":29},"2":{"name":"(anonymous_2)","decl":{"start":{"line":34,"column":24},"end":{"line":34,"column":25}},"loc":{"start":{"line":34,"column":37},"end":{"line":38,"column":1}},"line":34}},"branchMap":{"0":{"loc":{"start":{"line":8,"column":12},"end":{"line":8,"column":49}},"type":"binary-expr","locations":[{"start":{"line":8,"column":12},"end":{"line":8,"column":32}},{"start":{"line":8,"column":36},"end":{"line":8,"column":49}}],"line":8},"1":{"loc":{"start":{"line":13,"column":0},"end":{"line":17,"column":1}},"type":"if","locations":[{"start":{"line":13,"column":0},"end":{"line":17,"column":1}},{"start":{"line":15,"column":7},"end":{"line":17,"column":1}}],"line":13},"2":{"loc":{"start":{"line":23,"column":6},"end":{"line":26,"column":37}},"type":"binary-expr","locations":[{"start":{"line":23,"column":6},"end":{"line":23,"column":29}},{"start":{"line":24,"column":6},"end":{"line":24,"column":23}},{"start":{"line":25,"column":6},"end":{"line":25,"column":30}},{"start":{"line":26,"column":6},"end":{"line":26,"column":37}}],"line":23},"3":{"loc":{"start":{"line":35,"column":2},"end":{"line":37,"column":3}},"type":"if","locations":[{"start":{"line":35,"column":2},"end":{"line":37,"column":3}},{"start":{},"end":{}}],"line":35}},"s":{"0":6,"1":6,"2":6,"3":6,"4":6,"5":6,"6":6,"7":6,"8":6,"9":0,"10":6,"11":6,"12":36,"13":30,"14":30,"15":6,"16":30,"17":30,"18":6,"19":6,"20":6},"f":{"0":36,"1":30,"2":30},"b":{"0":[6,0],"1":[0,6],"2":[36,36,30,30],"3":[30,0]},"_coverageSchema":"1a1c01bbd47fc00a2c39e90264f33305004495a9","hash":"03244b805216b4d89e2ce4361109d2d27d7fe7b1"}
,"/Users/putriindaht/Hacktiv/3-PHASE/server/serenify-server/models/mentorschedule.js": {"path":"/Users/putriindaht/Hacktiv/3-PHASE/server/serenify-server/models/mentorschedule.js","statementMap":{"0":{"start":{"line":2,"column":18},"end":{"line":2,"column":38}},"1":{"start":{"line":3,"column":0},"end":{"line":33,"column":2}},"2":{"start":{"line":12,"column":6},"end":{"line":12,"column":46}},"3":{"start":{"line":13,"column":6},"end":{"line":15,"column":9}},"4":{"start":{"line":18,"column":2},"end":{"line":31,"column":4}},"5":{"start":{"line":32,"column":2},"end":{"line":32,"column":24}}},"fnMap":{"0":{"name":"(anonymous_0)","decl":{"start":{"line":3,"column":17},"end":{"line":3,"column":18}},"loc":{"start":{"line":3,"column":43},"end":{"line":33,"column":1}},"line":3},"1":{"name":"(anonymous_1)","decl":{"start":{"line":10,"column":4},"end":{"line":10,"column":5}},"loc":{"start":{"line":10,"column":29},"end":{"line":16,"column":5}},"line":10}},"branchMap":{},"s":{"0":6,"1":6,"2":6,"3":6,"4":6,"5":6},"f":{"0":6,"1":6},"b":{},"_coverageSchema":"1a1c01bbd47fc00a2c39e90264f33305004495a9","hash":"d07f260f35958057d37ee0051253943a941795ff"}
,"/Users/putriindaht/Hacktiv/3-PHASE/server/serenify-server/models/package.js": {"path":"/Users/putriindaht/Hacktiv/3-PHASE/server/serenify-server/models/package.js","statementMap":{"0":{"start":{"line":2,"column":18},"end":{"line":2,"column":38}},"1":{"start":{"line":3,"column":0},"end":{"line":56,"column":2}},"2":{"start":{"line":12,"column":6},"end":{"line":12,"column":71}},"3":{"start":{"line":15,"column":2},"end":{"line":54,"column":4}},"4":{"start":{"line":55,"column":2},"end":{"line":55,"column":17}}},"fnMap":{"0":{"name":"(anonymous_0)","decl":{"start":{"line":3,"column":17},"end":{"line":3,"column":18}},"loc":{"start":{"line":3,"column":43},"end":{"line":56,"column":1}},"line":3},"1":{"name":"(anonymous_1)","decl":{"start":{"line":10,"column":4},"end":{"line":10,"column":5}},"loc":{"start":{"line":10,"column":29},"end":{"line":13,"column":5}},"line":10}},"branchMap":{},"s":{"0":6,"1":6,"2":6,"3":6,"4":6},"f":{"0":6,"1":6},"b":{},"_coverageSchema":"1a1c01bbd47fc00a2c39e90264f33305004495a9","hash":"77c6df6707a030de103baae552c792ea3610ea7d"}
,"/Users/putriindaht/Hacktiv/3-PHASE/server/serenify-server/models/transaction.js": {"path":"/Users/putriindaht/Hacktiv/3-PHASE/server/serenify-server/models/transaction.js","statementMap":{"0":{"start":{"line":2,"column":18},"end":{"line":2,"column":38}},"1":{"start":{"line":3,"column":0},"end":{"line":57,"column":2}},"2":{"start":{"line":12,"column":6},"end":{"line":12,"column":73}},"3":{"start":{"line":13,"column":6},"end":{"line":13,"column":67}},"4":{"start":{"line":16,"column":2},"end":{"line":55,"column":4}},"5":{"start":{"line":56,"column":2},"end":{"line":56,"column":21}}},"fnMap":{"0":{"name":"(anonymous_0)","decl":{"start":{"line":3,"column":17},"end":{"line":3,"column":18}},"loc":{"start":{"line":3,"column":43},"end":{"line":57,"column":1}},"line":3},"1":{"name":"(anonymous_1)","decl":{"start":{"line":10,"column":4},"end":{"line":10,"column":5}},"loc":{"start":{"line":10,"column":29},"end":{"line":14,"column":5}},"line":10}},"branchMap":{},"s":{"0":6,"1":6,"2":6,"3":6,"4":6,"5":6},"f":{"0":6,"1":6},"b":{},"_coverageSchema":"1a1c01bbd47fc00a2c39e90264f33305004495a9","hash":"d61f5bd5a50715711864207f476076dcd246dee8"}
,"/Users/putriindaht/Hacktiv/3-PHASE/server/serenify-server/models/user.js": {"path":"/Users/putriindaht/Hacktiv/3-PHASE/server/serenify-server/models/user.js","statementMap":{"0":{"start":{"line":2,"column":18},"end":{"line":2,"column":38}},"1":{"start":{"line":3,"column":25},"end":{"line":3,"column":53}},"2":{"start":{"line":4,"column":0},"end":{"line":83,"column":2}},"3":{"start":{"line":13,"column":6},"end":{"line":13,"column":65}},"4":{"start":{"line":14,"column":6},"end":{"line":14,"column":62}},"5":{"start":{"line":15,"column":6},"end":{"line":15,"column":42}},"6":{"start":{"line":18,"column":2},"end":{"line":78,"column":4}},"7":{"start":{"line":79,"column":2},"end":{"line":81,"column":5}},"8":{"start":{"line":80,"column":4},"end":{"line":80,"column":48}},"9":{"start":{"line":82,"column":2},"end":{"line":82,"column":14}}},"fnMap":{"0":{"name":"(anonymous_0)","decl":{"start":{"line":4,"column":17},"end":{"line":4,"column":18}},"loc":{"start":{"line":4,"column":43},"end":{"line":83,"column":1}},"line":4},"1":{"name":"(anonymous_1)","decl":{"start":{"line":11,"column":4},"end":{"line":11,"column":5}},"loc":{"start":{"line":11,"column":29},"end":{"line":16,"column":5}},"line":11},"2":{"name":"(anonymous_2)","decl":{"start":{"line":79,"column":20},"end":{"line":79,"column":21}},"loc":{"start":{"line":79,"column":30},"end":{"line":81,"column":3}},"line":79}},"branchMap":{},"s":{"0":6,"1":6,"2":6,"3":6,"4":6,"5":6,"6":6,"7":6,"8":1,"9":6},"f":{"0":6,"1":6,"2":1},"b":{},"_coverageSchema":"1a1c01bbd47fc00a2c39e90264f33305004495a9","hash":"a183b2ac00df5e19e0771519350301fd32337a7d"}
,"/Users/putriindaht/Hacktiv/3-PHASE/server/serenify-server/routers/activity.js": {"path":"/Users/putriindaht/Hacktiv/3-PHASE/server/serenify-server/routers/activity.js","statementMap":{"0":{"start":{"line":1,"column":16},"end":{"line":1,"column":34}},"1":{"start":{"line":2,"column":15},"end":{"line":2,"column":31}},"2":{"start":{"line":3,"column":27},"end":{"line":3,"column":71}},"3":{"start":{"line":4,"column":23},"end":{"line":4,"column":63}},"4":{"start":{"line":6,"column":0},"end":{"line":6,"column":27}},"5":{"start":{"line":7,"column":0},"end":{"line":7,"column":50}},"6":{"start":{"line":9,"column":0},"end":{"line":9,"column":24}}},"fnMap":{},"branchMap":{},"s":{"0":6,"1":6,"2":6,"3":6,"4":6,"5":6,"6":6},"f":{},"b":{},"_coverageSchema":"1a1c01bbd47fc00a2c39e90264f33305004495a9","hash":"90580aab68dd2d894db40b9bc57532d989f814e4"}
,"/Users/putriindaht/Hacktiv/3-PHASE/server/serenify-server/routers/index.js": {"path":"/Users/putriindaht/Hacktiv/3-PHASE/server/serenify-server/routers/index.js","statementMap":{"0":{"start":{"line":1,"column":16},"end":{"line":1,"column":34}},"1":{"start":{"line":2,"column":15},"end":{"line":2,"column":31}},"2":{"start":{"line":3,"column":22},"end":{"line":3,"column":48}},"3":{"start":{"line":4,"column":19},"end":{"line":4,"column":42}},"4":{"start":{"line":5,"column":22},"end":{"line":5,"column":48}},"5":{"start":{"line":6,"column":19},"end":{"line":6,"column":42}},"6":{"start":{"line":7,"column":23},"end":{"line":7,"column":44}},"7":{"start":{"line":8,"column":23},"end":{"line":8,"column":50}},"8":{"start":{"line":10,"column":0},"end":{"line":10,"column":41}},"9":{"start":{"line":11,"column":0},"end":{"line":11,"column":33}},"10":{"start":{"line":12,"column":0},"end":{"line":12,"column":39}},"11":{"start":{"line":13,"column":0},"end":{"line":13,"column":38}},"12":{"start":{"line":14,"column":0},"end":{"line":14,"column":33}},"13":{"start":{"line":15,"column":0},"end":{"line":15,"column":42}},"14":{"start":{"line":17,"column":0},"end":{"line":17,"column":24}}},"fnMap":{},"branchMap":{},"s":{"0":6,"1":6,"2":6,"3":6,"4":6,"5":6,"6":6,"7":6,"8":6,"9":6,"10":6,"11":6,"12":6,"13":6,"14":6},"f":{},"b":{},"_coverageSchema":"1a1c01bbd47fc00a2c39e90264f33305004495a9","hash":"dd186e88d125bf0220cf6c066657d294bd5d5ae9"}
,"/Users/putriindaht/Hacktiv/3-PHASE/server/serenify-server/routers/mentorSchedule.js": {"path":"/Users/putriindaht/Hacktiv/3-PHASE/server/serenify-server/routers/mentorSchedule.js","statementMap":{"0":{"start":{"line":1,"column":16},"end":{"line":1,"column":34}},"1":{"start":{"line":2,"column":15},"end":{"line":2,"column":31}},"2":{"start":{"line":3,"column":23},"end":{"line":3,"column":63}},"3":{"start":{"line":4,"column":22},"end":{"line":4,"column":61}},"4":{"start":{"line":6,"column":33},"end":{"line":6,"column":83}},"5":{"start":{"line":8,"column":0},"end":{"line":8,"column":60}},"6":{"start":{"line":10,"column":0},"end":{"line":10,"column":27}},"7":{"start":{"line":12,"column":0},"end":{"line":12,"column":79}},"8":{"start":{"line":13,"column":0},"end":{"line":13,"column":67}},"9":{"start":{"line":14,"column":0},"end":{"line":18,"column":2}},"10":{"start":{"line":20,"column":0},"end":{"line":20,"column":24}}},"fnMap":{},"branchMap":{},"s":{"0":6,"1":6,"2":6,"3":6,"4":6,"5":6,"6":6,"7":6,"8":6,"9":6,"10":6},"f":{},"b":{},"_coverageSchema":"1a1c01bbd47fc00a2c39e90264f33305004495a9","hash":"6d651dbed7ae85cf7fdae55b97fea374d26a2f2a"}
,"/Users/putriindaht/Hacktiv/3-PHASE/server/serenify-server/routers/packageRouter.js": {"path":"/Users/putriindaht/Hacktiv/3-PHASE/server/serenify-server/routers/packageRouter.js","statementMap":{"0":{"start":{"line":1,"column":16},"end":{"line":1,"column":34}},"1":{"start":{"line":2,"column":15},"end":{"line":2,"column":31}},"2":{"start":{"line":3,"column":26},"end":{"line":3,"column":69}},"3":{"start":{"line":4,"column":23},"end":{"line":4,"column":63}},"4":{"start":{"line":5,"column":22},"end":{"line":5,"column":61}},"5":{"start":{"line":7,"column":0},"end":{"line":7,"column":50}},"6":{"start":{"line":8,"column":0},"end":{"line":8,"column":53}},"7":{"start":{"line":10,"column":0},"end":{"line":10,"column":27}},"8":{"start":{"line":11,"column":0},"end":{"line":11,"column":26}},"9":{"start":{"line":13,"column":0},"end":{"line":13,"column":50}},"10":{"start":{"line":14,"column":0},"end":{"line":14,"column":50}},"11":{"start":{"line":15,"column":0},"end":{"line":15,"column":55}},"12":{"start":{"line":17,"column":0},"end":{"line":17,"column":24}}},"fnMap":{},"branchMap":{},"s":{"0":6,"1":6,"2":6,"3":6,"4":6,"5":6,"6":6,"7":6,"8":6,"9":6,"10":6,"11":6,"12":6},"f":{},"b":{},"_coverageSchema":"1a1c01bbd47fc00a2c39e90264f33305004495a9","hash":"c778bd924032700ef9b2fd13b7ad4b4bd42ac664"}
,"/Users/putriindaht/Hacktiv/3-PHASE/server/serenify-server/routers/paymentRouter.js": {"path":"/Users/putriindaht/Hacktiv/3-PHASE/server/serenify-server/routers/paymentRouter.js","statementMap":{"0":{"start":{"line":1,"column":26},"end":{"line":1,"column":69}},"1":{"start":{"line":2,"column":23},"end":{"line":2,"column":63}},"2":{"start":{"line":3,"column":15},"end":{"line":3,"column":42}},"3":{"start":{"line":5,"column":0},"end":{"line":5,"column":74}},"4":{"start":{"line":6,"column":0},"end":{"line":6,"column":74}},"5":{"start":{"line":7,"column":0},"end":{"line":7,"column":24}}},"fnMap":{},"branchMap":{},"s":{"0":6,"1":6,"2":6,"3":6,"4":6,"5":6},"f":{},"b":{},"_coverageSchema":"1a1c01bbd47fc00a2c39e90264f33305004495a9","hash":"da7ee036920fb9093a72b182c41730a893710743"}
,"/Users/putriindaht/Hacktiv/3-PHASE/server/serenify-server/routers/roomRouter.js": {"path":"/Users/putriindaht/Hacktiv/3-PHASE/server/serenify-server/routers/roomRouter.js","statementMap":{"0":{"start":{"line":1,"column":16},"end":{"line":1,"column":34}},"1":{"start":{"line":2,"column":15},"end":{"line":2,"column":31}},"2":{"start":{"line":3,"column":23},"end":{"line":3,"column":63}},"3":{"start":{"line":4,"column":23},"end":{"line":4,"column":63}},"4":{"start":{"line":6,"column":0},"end":{"line":6,"column":27}},"5":{"start":{"line":7,"column":0},"end":{"line":7,"column":40}},"6":{"start":{"line":8,"column":0},"end":{"line":8,"column":44}},"7":{"start":{"line":9,"column":0},"end":{"line":9,"column":51}},"8":{"start":{"line":11,"column":0},"end":{"line":11,"column":24}}},"fnMap":{},"branchMap":{},"s":{"0":6,"1":6,"2":6,"3":6,"4":6,"5":6,"6":6,"7":6,"8":6},"f":{},"b":{},"_coverageSchema":"1a1c01bbd47fc00a2c39e90264f33305004495a9","hash":"187d716a60fa1237fb3f4bcd4eb4a1e7788fb237"}
,"/Users/putriindaht/Hacktiv/3-PHASE/server/serenify-server/routers/userRouter.js": {"path":"/Users/putriindaht/Hacktiv/3-PHASE/server/serenify-server/routers/userRouter.js","statementMap":{"0":{"start":{"line":1,"column":23},"end":{"line":1,"column":63}},"1":{"start":{"line":2,"column":23},"end":{"line":2,"column":63}},"2":{"start":{"line":3,"column":22},"end":{"line":3,"column":61}},"3":{"start":{"line":4,"column":15},"end":{"line":4,"column":42}},"4":{"start":{"line":6,"column":0},"end":{"line":6,"column":41}},"5":{"start":{"line":7,"column":0},"end":{"line":7,"column":48}},"6":{"start":{"line":8,"column":0},"end":{"line":8,"column":54}},"7":{"start":{"line":9,"column":0},"end":{"line":9,"column":71}},"8":{"start":{"line":10,"column":0},"end":{"line":10,"column":66}},"9":{"start":{"line":11,"column":0},"end":{"line":11,"column":61}},"10":{"start":{"line":12,"column":0},"end":{"line":12,"column":27}},"11":{"start":{"line":13,"column":0},"end":{"line":13,"column":44}},"12":{"start":{"line":14,"column":0},"end":{"line":14,"column":26}},"13":{"start":{"line":15,"column":0},"end":{"line":15,"column":49}},"14":{"start":{"line":17,"column":0},"end":{"line":17,"column":24}}},"fnMap":{},"branchMap":{},"s":{"0":6,"1":6,"2":6,"3":6,"4":6,"5":6,"6":6,"7":6,"8":6,"9":6,"10":6,"11":6,"12":6,"13":6,"14":6},"f":{},"b":{},"_coverageSchema":"1a1c01bbd47fc00a2c39e90264f33305004495a9","hash":"7651f9a57a1fc8b54b9fedf809208ef70a80c3f3"}
}
