{"C:\\Users\\ASUS\\Desktop\\final-project\\server\\app.js": {"path":"C:\\Users\\ASUS\\Desktop\\final-project\\server\\app.js","statementMap":{"0":{"start":{"line":1,"column":0},"end":{"line":1,"column":27}},"1":{"start":{"line":2,"column":16},"end":{"line":2,"column":34}},"2":{"start":{"line":3,"column":15},"end":{"line":3,"column":36}},"3":{"start":{"line":4,"column":11},"end":{"line":4,"column":26}},"4":{"start":{"line":5,"column":25},"end":{"line":5,"column":62}},"5":{"start":{"line":6,"column":12},"end":{"line":6,"column":21}},"6":{"start":{"line":8,"column":0},"end":{"line":8,"column":16}},"7":{"start":{"line":9,"column":0},"end":{"line":9,"column":48}},"8":{"start":{"line":10,"column":0},"end":{"line":10,"column":24}},"9":{"start":{"line":12,"column":0},"end":{"line":12,"column":16}},"10":{"start":{"line":13,"column":0},"end":{"line":13,"column":22}},"11":{"start":{"line":15,"column":0},"end":{"line":15,"column":21}}},"fnMap":{},"branchMap":{},"s":{"0":3,"1":3,"2":3,"3":3,"4":3,"5":3,"6":3,"7":3,"8":3,"9":3,"10":3,"11":3},"f":{},"b":{},"_coverageSchema":"1a1c01bbd47fc00a2c39e90264f33305004495a9","hash":"8f135b4422968dbac176f262a882793fff5dc043"}
,"C:\\Users\\ASUS\\Desktop\\final-project\\server\\controllers\\activityController.js": {"path":"C:\\Users\\ASUS\\Desktop\\final-project\\server\\controllers\\activityController.js","statementMap":{"0":{"start":{"line":1,"column":21},"end":{"line":1,"column":42}},"1":{"start":{"line":4,"column":4},"end":{"line":9,"column":5}},"2":{"start":{"line":5,"column":25},"end":{"line":5,"column":49}},"3":{"start":{"line":6,"column":6},"end":{"line":6,"column":39}},"4":{"start":{"line":8,"column":6},"end":{"line":8,"column":16}},"5":{"start":{"line":12,"column":0},"end":{"line":12,"column":36}}},"fnMap":{"0":{"name":"(anonymous_0)","decl":{"start":{"line":3,"column":2},"end":{"line":3,"column":3}},"loc":{"start":{"line":3,"column":45},"end":{"line":10,"column":3}},"line":3}},"branchMap":{},"s":{"0":3,"1":0,"2":0,"3":0,"4":0,"5":3},"f":{"0":0},"b":{},"_coverageSchema":"1a1c01bbd47fc00a2c39e90264f33305004495a9","hash":"57d1a8f522dd698b10511fc77e18f9220566df7c"}
,"C:\\Users\\ASUS\\Desktop\\final-project\\server\\controllers\\mentorScheduleController.js": {"path":"C:\\Users\\ASUS\\Desktop\\final-project\\server\\controllers\\mentorScheduleController.js","statementMap":{"0":{"start":{"line":1,"column":33},"end":{"line":1,"column":53}},"1":{"start":{"line":5,"column":4},"end":{"line":18,"column":5}},"2":{"start":{"line":6,"column":30},"end":{"line":14,"column":8}},"3":{"start":{"line":15,"column":6},"end":{"line":15,"column":44}},"4":{"start":{"line":17,"column":6},"end":{"line":17,"column":16}},"5":{"start":{"line":22,"column":4},"end":{"line":33,"column":5}},"6":{"start":{"line":23,"column":23},"end":{"line":23,"column":31}},"7":{"start":{"line":24,"column":33},"end":{"line":24,"column":51}},"8":{"start":{"line":26,"column":26},"end":{"line":29,"column":8}},"9":{"start":{"line":30,"column":6},"end":{"line":30,"column":40}},"10":{"start":{"line":32,"column":6},"end":{"line":32,"column":16}},"11":{"start":{"line":37,"column":4},"end":{"line":50,"column":5}},"12":{"start":{"line":38,"column":21},"end":{"line":38,"column":31}},"13":{"start":{"line":39,"column":28},"end":{"line":39,"column":71}},"14":{"start":{"line":40,"column":6},"end":{"line":40,"column":53}},"15":{"start":{"line":40,"column":26},"end":{"line":40,"column":53}},"16":{"start":{"line":41,"column":24},"end":{"line":46,"column":8}},"17":{"start":{"line":47,"column":6},"end":{"line":47,"column":58}},"18":{"start":{"line":49,"column":6},"end":{"line":49,"column":16}},"19":{"start":{"line":54,"column":4},"end":{"line":73,"column":5}},"20":{"start":{"line":55,"column":21},"end":{"line":55,"column":31}},"21":{"start":{"line":56,"column":21},"end":{"line":60,"column":8}},"22":{"start":{"line":62,"column":6},"end":{"line":62,"column":26}},"23":{"start":{"line":64,"column":24},"end":{"line":64,"column":71}},"24":{"start":{"line":66,"column":6},"end":{"line":66,"column":52}},"25":{"start":{"line":66,"column":22},"end":{"line":66,"column":52}},"26":{"start":{"line":68,"column":6},"end":{"line":70,"column":9}},"27":{"start":{"line":72,"column":6},"end":{"line":72,"column":16}},"28":{"start":{"line":76,"column":0},"end":{"line":76,"column":42}}},"fnMap":{"0":{"name":"(anonymous_0)","decl":{"start":{"line":4,"column":2},"end":{"line":4,"column":3}},"loc":{"start":{"line":4,"column":49},"end":{"line":19,"column":3}},"line":4},"1":{"name":"(anonymous_1)","decl":{"start":{"line":21,"column":2},"end":{"line":21,"column":3}},"loc":{"start":{"line":21,"column":52},"end":{"line":34,"column":3}},"line":21},"2":{"name":"(anonymous_2)","decl":{"start":{"line":36,"column":2},"end":{"line":36,"column":3}},"loc":{"start":{"line":36,"column":51},"end":{"line":51,"column":3}},"line":36},"3":{"name":"(anonymous_3)","decl":{"start":{"line":53,"column":2},"end":{"line":53,"column":3}},"loc":{"start":{"line":53,"column":52},"end":{"line":74,"column":3}},"line":53}},"branchMap":{"0":{"loc":{"start":{"line":40,"column":6},"end":{"line":40,"column":53}},"type":"if","locations":[{"start":{"line":40,"column":6},"end":{"line":40,"column":53}},{"start":{},"end":{}}],"line":40},"1":{"loc":{"start":{"line":42,"column":16},"end":{"line":42,"column":60}},"type":"cond-expr","locations":[{"start":{"line":42,"column":32},"end":{"line":42,"column":44}},{"start":{"line":42,"column":47},"end":{"line":42,"column":60}}],"line":42},"2":{"loc":{"start":{"line":66,"column":6},"end":{"line":66,"column":52}},"type":"if","locations":[{"start":{"line":66,"column":6},"end":{"line":66,"column":52}},{"start":{},"end":{}}],"line":66}},"s":{"0":3,"1":1,"2":1,"3":1,"4":0,"5":2,"6":2,"7":2,"8":2,"9":2,"10":0,"11":0,"12":0,"13":0,"14":0,"15":0,"16":0,"17":0,"18":0,"19":1,"20":1,"21":1,"22":1,"23":1,"24":1,"25":0,"26":1,"27":0,"28":3},"f":{"0":1,"1":2,"2":0,"3":1},"b":{"0":[0,0],"1":[0,0],"2":[0,1]},"_coverageSchema":"1a1c01bbd47fc00a2c39e90264f33305004495a9","hash":"306ac7c0c956b8ff11f2b9d177f4cf4af52bfc80"}
,"C:\\Users\\ASUS\\Desktop\\final-project\\server\\controllers\\packageController.js": {"path":"C:\\Users\\ASUS\\Desktop\\final-project\\server\\controllers\\packageController.js","statementMap":{"0":{"start":{"line":1,"column":26},"end":{"line":1,"column":46}},"1":{"start":{"line":4,"column":4},"end":{"line":12,"column":5}},"2":{"start":{"line":5,"column":21},"end":{"line":5,"column":46}},"3":{"start":{"line":7,"column":6},"end":{"line":7,"column":52}},"4":{"start":{"line":7,"column":19},"end":{"line":7,"column":52}},"5":{"start":{"line":9,"column":6},"end":{"line":9,"column":35}},"6":{"start":{"line":11,"column":6},"end":{"line":11,"column":16}},"7":{"start":{"line":15,"column":4},"end":{"line":29,"column":5}},"8":{"start":{"line":16,"column":21},"end":{"line":16,"column":31}},"9":{"start":{"line":18,"column":21},"end":{"line":22,"column":8}},"10":{"start":{"line":24,"column":6},"end":{"line":24,"column":46}},"11":{"start":{"line":24,"column":19},"end":{"line":24,"column":46}},"12":{"start":{"line":26,"column":6},"end":{"line":26,"column":35}},"13":{"start":{"line":28,"column":6},"end":{"line":28,"column":16}},"14":{"start":{"line":33,"column":4},"end":{"line":51,"column":5}},"15":{"start":{"line":34,"column":63},"end":{"line":34,"column":71}},"16":{"start":{"line":36,"column":22},"end":{"line":42,"column":8}},"17":{"start":{"line":44,"column":6},"end":{"line":44,"column":48}},"18":{"start":{"line":44,"column":20},"end":{"line":44,"column":48}},"19":{"start":{"line":46,"column":6},"end":{"line":48,"column":9}},"20":{"start":{"line":50,"column":6},"end":{"line":50,"column":16}},"21":{"start":{"line":55,"column":4},"end":{"line":84,"column":5}},"22":{"start":{"line":56,"column":21},"end":{"line":56,"column":31}},"23":{"start":{"line":57,"column":63},"end":{"line":57,"column":71}},"24":{"start":{"line":59,"column":6},"end":{"line":59,"column":70}},"25":{"start":{"line":61,"column":26},"end":{"line":74,"column":7}},"26":{"start":{"line":76,"column":6},"end":{"line":76,"column":52}},"27":{"start":{"line":76,"column":24},"end":{"line":76,"column":52}},"28":{"start":{"line":78,"column":6},"end":{"line":80,"column":9}},"29":{"start":{"line":82,"column":6},"end":{"line":82,"column":25}},"30":{"start":{"line":83,"column":6},"end":{"line":83,"column":18}},"31":{"start":{"line":88,"column":4},"end":{"line":108,"column":5}},"32":{"start":{"line":89,"column":21},"end":{"line":89,"column":31}},"33":{"start":{"line":91,"column":21},"end":{"line":95,"column":8}},"34":{"start":{"line":97,"column":6},"end":{"line":97,"column":26}},"35":{"start":{"line":99,"column":24},"end":{"line":99,"column":64}},"36":{"start":{"line":101,"column":6},"end":{"line":101,"column":52}},"37":{"start":{"line":101,"column":22},"end":{"line":101,"column":52}},"38":{"start":{"line":103,"column":6},"end":{"line":105,"column":9}},"39":{"start":{"line":107,"column":6},"end":{"line":107,"column":16}},"40":{"start":{"line":112,"column":0},"end":{"line":112,"column":35}}},"fnMap":{"0":{"name":"(anonymous_0)","decl":{"start":{"line":3,"column":2},"end":{"line":3,"column":3}},"loc":{"start":{"line":3,"column":46},"end":{"line":13,"column":3}},"line":3},"1":{"name":"(anonymous_1)","decl":{"start":{"line":14,"column":2},"end":{"line":14,"column":3}},"loc":{"start":{"line":14,"column":46},"end":{"line":30,"column":3}},"line":14},"2":{"name":"(anonymous_2)","decl":{"start":{"line":32,"column":2},"end":{"line":32,"column":3}},"loc":{"start":{"line":32,"column":45},"end":{"line":52,"column":3}},"line":32},"3":{"name":"(anonymous_3)","decl":{"start":{"line":54,"column":2},"end":{"line":54,"column":3}},"loc":{"start":{"line":54,"column":43},"end":{"line":85,"column":3}},"line":54},"4":{"name":"(anonymous_4)","decl":{"start":{"line":87,"column":2},"end":{"line":87,"column":3}},"loc":{"start":{"line":87,"column":45},"end":{"line":109,"column":3}},"line":87}},"branchMap":{"0":{"loc":{"start":{"line":7,"column":6},"end":{"line":7,"column":52}},"type":"if","locations":[{"start":{"line":7,"column":6},"end":{"line":7,"column":52}},{"start":{},"end":{}}],"line":7},"1":{"loc":{"start":{"line":24,"column":6},"end":{"line":24,"column":46}},"type":"if","locations":[{"start":{"line":24,"column":6},"end":{"line":24,"column":46}},{"start":{},"end":{}}],"line":24},"2":{"loc":{"start":{"line":44,"column":6},"end":{"line":44,"column":48}},"type":"if","locations":[{"start":{"line":44,"column":6},"end":{"line":44,"column":48}},{"start":{},"end":{}}],"line":44},"3":{"loc":{"start":{"line":76,"column":6},"end":{"line":76,"column":52}},"type":"if","locations":[{"start":{"line":76,"column":6},"end":{"line":76,"column":52}},{"start":{},"end":{}}],"line":76},"4":{"loc":{"start":{"line":101,"column":6},"end":{"line":101,"column":52}},"type":"if","locations":[{"start":{"line":101,"column":6},"end":{"line":101,"column":52}},{"start":{},"end":{}}],"line":101}},"s":{"0":3,"1":1,"2":1,"3":1,"4":0,"5":1,"6":0,"7":1,"8":1,"9":1,"10":1,"11":0,"12":1,"13":0,"14":1,"15":1,"16":1,"17":1,"18":0,"19":1,"20":0,"21":0,"22":0,"23":0,"24":0,"25":0,"26":0,"27":0,"28":0,"29":0,"30":0,"31":0,"32":0,"33":0,"34":0,"35":0,"36":0,"37":0,"38":0,"39":0,"40":3},"f":{"0":1,"1":1,"2":1,"3":0,"4":0},"b":{"0":[0,1],"1":[0,1],"2":[0,1],"3":[0,0],"4":[0,0]},"_coverageSchema":"1a1c01bbd47fc00a2c39e90264f33305004495a9","hash":"3a25afce267a5feed56ea09bec7f0da34ab673ab"}
,"C:\\Users\\ASUS\\Desktop\\final-project\\server\\controllers\\paymentController.js": {"path":"C:\\Users\\ASUS\\Desktop\\final-project\\server\\controllers\\paymentController.js","statementMap":{"0":{"start":{"line":1,"column":15},"end":{"line":3,"column":1}},"1":{"start":{"line":4,"column":39},"end":{"line":4,"column":59}},"2":{"start":{"line":5,"column":23},"end":{"line":5,"column":38}},"3":{"start":{"line":9,"column":4},"end":{"line":40,"column":5}},"4":{"start":{"line":11,"column":25},"end":{"line":11,"column":43}},"5":{"start":{"line":12,"column":28},"end":{"line":12,"column":36}},"6":{"start":{"line":14,"column":6},"end":{"line":14,"column":36}},"7":{"start":{"line":16,"column":26},"end":{"line":16,"column":59}},"8":{"start":{"line":18,"column":6},"end":{"line":20,"column":7}},"9":{"start":{"line":19,"column":8},"end":{"line":19,"column":37}},"10":{"start":{"line":22,"column":28},"end":{"line":28,"column":8}},"11":{"start":{"line":30,"column":6},"end":{"line":36,"column":9}},"12":{"start":{"line":38,"column":6},"end":{"line":38,"column":42}},"13":{"start":{"line":39,"column":6},"end":{"line":39,"column":18}},"14":{"start":{"line":44,"column":4},"end":{"line":66,"column":5}},"15":{"start":{"line":45,"column":28},"end":{"line":45,"column":36}},"16":{"start":{"line":47,"column":26},"end":{"line":47,"column":59}},"17":{"start":{"line":49,"column":6},"end":{"line":51,"column":7}},"18":{"start":{"line":50,"column":8},"end":{"line":50,"column":42}},"19":{"start":{"line":53,"column":22},"end":{"line":53,"column":49}},"20":{"start":{"line":54,"column":26},"end":{"line":59,"column":8}},"21":{"start":{"line":61,"column":6},"end":{"line":63,"column":77}},"22":{"start":{"line":65,"column":6},"end":{"line":65,"column":18}},"23":{"start":{"line":70,"column":0},"end":{"line":70,"column":35}}},"fnMap":{"0":{"name":"(anonymous_0)","decl":{"start":{"line":8,"column":2},"end":{"line":8,"column":3}},"loc":{"start":{"line":8,"column":49},"end":{"line":41,"column":3}},"line":8},"1":{"name":"(anonymous_1)","decl":{"start":{"line":43,"column":2},"end":{"line":43,"column":3}},"loc":{"start":{"line":43,"column":46},"end":{"line":67,"column":3}},"line":43}},"branchMap":{"0":{"loc":{"start":{"line":18,"column":6},"end":{"line":20,"column":7}},"type":"if","locations":[{"start":{"line":18,"column":6},"end":{"line":20,"column":7}},{"start":{},"end":{}}],"line":18},"1":{"loc":{"start":{"line":49,"column":6},"end":{"line":51,"column":7}},"type":"if","locations":[{"start":{"line":49,"column":6},"end":{"line":51,"column":7}},{"start":{},"end":{}}],"line":49}},"s":{"0":3,"1":3,"2":3,"3":0,"4":0,"5":0,"6":0,"7":0,"8":0,"9":0,"10":0,"11":0,"12":0,"13":0,"14":0,"15":0,"16":0,"17":0,"18":0,"19":0,"20":0,"21":0,"22":0,"23":3},"f":{"0":0,"1":0},"b":{"0":[0,0],"1":[0,0]},"_coverageSchema":"1a1c01bbd47fc00a2c39e90264f33305004495a9","hash":"2236445062dbc92238303b89b77bee603f0a8251"}
,"C:\\Users\\ASUS\\Desktop\\final-project\\server\\controllers\\roomController.js": {"path":"C:\\Users\\ASUS\\Desktop\\final-project\\server\\controllers\\roomController.js","statementMap":{"0":{"start":{"line":1,"column":22},"end":{"line":1,"column":47}},"1":{"start":{"line":2,"column":23},"end":{"line":2,"column":49}},"2":{"start":{"line":3,"column":16},"end":{"line":6,"column":1}},"3":{"start":{"line":10,"column":4},"end":{"line":19,"column":5}},"4":{"start":{"line":11,"column":23},"end":{"line":14,"column":8}},"5":{"start":{"line":15,"column":20},"end":{"line":15,"column":41}},"6":{"start":{"line":16,"column":6},"end":{"line":16,"column":34}},"7":{"start":{"line":18,"column":6},"end":{"line":18,"column":23}},"8":{"start":{"line":23,"column":27},"end":{"line":23,"column":42}},"9":{"start":{"line":24,"column":4},"end":{"line":41,"column":5}},"10":{"start":{"line":25,"column":23},"end":{"line":36,"column":8}},"11":{"start":{"line":37,"column":22},"end":{"line":37,"column":43}},"12":{"start":{"line":38,"column":6},"end":{"line":38,"column":36}},"13":{"start":{"line":40,"column":6},"end":{"line":40,"column":23}},"14":{"start":{"line":45,"column":4},"end":{"line":55,"column":5}},"15":{"start":{"line":46,"column":23},"end":{"line":46,"column":33}},"16":{"start":{"line":47,"column":23},"end":{"line":50,"column":8}},"17":{"start":{"line":51,"column":26},"end":{"line":51,"column":47}},"18":{"start":{"line":52,"column":6},"end":{"line":52,"column":40}},"19":{"start":{"line":54,"column":6},"end":{"line":54,"column":23}},"20":{"start":{"line":58,"column":0},"end":{"line":58,"column":32}}},"fnMap":{"0":{"name":"(anonymous_0)","decl":{"start":{"line":9,"column":2},"end":{"line":9,"column":3}},"loc":{"start":{"line":9,"column":39},"end":{"line":20,"column":3}},"line":9},"1":{"name":"(anonymous_1)","decl":{"start":{"line":22,"column":2},"end":{"line":22,"column":3}},"loc":{"start":{"line":22,"column":42},"end":{"line":42,"column":3}},"line":22},"2":{"name":"(anonymous_2)","decl":{"start":{"line":44,"column":2},"end":{"line":44,"column":3}},"loc":{"start":{"line":44,"column":42},"end":{"line":56,"column":3}},"line":44}},"branchMap":{},"s":{"0":3,"1":3,"2":3,"3":0,"4":0,"5":0,"6":0,"7":0,"8":0,"9":0,"10":0,"11":0,"12":0,"13":0,"14":0,"15":0,"16":0,"17":0,"18":0,"19":0,"20":3},"f":{"0":0,"1":0,"2":0},"b":{},"_coverageSchema":"1a1c01bbd47fc00a2c39e90264f33305004495a9","hash":"dd657ce25b224d64f194863ab1ebb4ffd060da7c"}
,"C:\\Users\\ASUS\\Desktop\\final-project\\server\\controllers\\userController.js": {"path":"C:\\Users\\ASUS\\Desktop\\final-project\\server\\controllers\\userController.js","statementMap":{"0":{"start":{"line":1,"column":26},"end":{"line":1,"column":54}},"1":{"start":{"line":2,"column":26},"end":{"line":2,"column":51}},"2":{"start":{"line":3,"column":17},"end":{"line":3,"column":38}},"3":{"start":{"line":7,"column":4},"end":{"line":16,"column":5}},"4":{"start":{"line":8,"column":19},"end":{"line":8,"column":39}},"5":{"start":{"line":9,"column":20},"end":{"line":12,"column":8}},"6":{"start":{"line":10,"column":65},"end":{"line":10,"column":69}},"7":{"start":{"line":11,"column":8},"end":{"line":11,"column":64}},"8":{"start":{"line":13,"column":6},"end":{"line":13,"column":34}},"9":{"start":{"line":15,"column":6},"end":{"line":15,"column":16}},"10":{"start":{"line":20,"column":4},"end":{"line":33,"column":5}},"11":{"start":{"line":21,"column":19},"end":{"line":21,"column":53}},"12":{"start":{"line":22,"column":6},"end":{"line":22,"column":24}},"13":{"start":{"line":23,"column":6},"end":{"line":30,"column":9}},"14":{"start":{"line":32,"column":6},"end":{"line":32,"column":16}},"15":{"start":{"line":37,"column":4},"end":{"line":55,"column":5}},"16":{"start":{"line":38,"column":63},"end":{"line":38,"column":71}},"17":{"start":{"line":40,"column":19},"end":{"line":47,"column":8}},"18":{"start":{"line":49,"column":6},"end":{"line":52,"column":9}},"19":{"start":{"line":54,"column":6},"end":{"line":54,"column":18}},"20":{"start":{"line":59,"column":4},"end":{"line":89,"column":5}},"21":{"start":{"line":60,"column":34},"end":{"line":60,"column":42}},"22":{"start":{"line":62,"column":19},"end":{"line":66,"column":8}},"23":{"start":{"line":67,"column":6},"end":{"line":69,"column":7}},"24":{"start":{"line":68,"column":8},"end":{"line":68,"column":34}},"25":{"start":{"line":70,"column":20},"end":{"line":74,"column":8}},"26":{"start":{"line":75,"column":6},"end":{"line":85,"column":7}},"27":{"start":{"line":76,"column":8},"end":{"line":82,"column":11}},"28":{"start":{"line":84,"column":8},"end":{"line":84,"column":34}},"29":{"start":{"line":87,"column":6},"end":{"line":87,"column":32}},"30":{"start":{"line":88,"column":6},"end":{"line":88,"column":18}},"31":{"start":{"line":93,"column":4},"end":{"line":118,"column":5}},"32":{"start":{"line":94,"column":21},"end":{"line":94,"column":31}},"33":{"start":{"line":95,"column":53},"end":{"line":95,"column":61}},"34":{"start":{"line":97,"column":23},"end":{"line":109,"column":7}},"35":{"start":{"line":111,"column":6},"end":{"line":111,"column":48}},"36":{"start":{"line":111,"column":21},"end":{"line":111,"column":48}},"37":{"start":{"line":113,"column":6},"end":{"line":115,"column":9}},"38":{"start":{"line":117,"column":6},"end":{"line":117,"column":18}},"39":{"start":{"line":122,"column":4},"end":{"line":143,"column":5}},"40":{"start":{"line":123,"column":21},"end":{"line":123,"column":31}},"41":{"start":{"line":125,"column":19},"end":{"line":125,"column":42}},"42":{"start":{"line":127,"column":6},"end":{"line":129,"column":7}},"43":{"start":{"line":128,"column":8},"end":{"line":128,"column":35}},"44":{"start":{"line":131,"column":25},"end":{"line":133,"column":8}},"45":{"start":{"line":135,"column":6},"end":{"line":140,"column":7}},"46":{"start":{"line":136,"column":8},"end":{"line":139,"column":11}},"47":{"start":{"line":142,"column":6},"end":{"line":142,"column":18}},"48":{"start":{"line":147,"column":0},"end":{"line":147,"column":32}}},"fnMap":{"0":{"name":"(anonymous_0)","decl":{"start":{"line":6,"column":2},"end":{"line":6,"column":3}},"loc":{"start":{"line":6,"column":40},"end":{"line":17,"column":3}},"line":6},"1":{"name":"(anonymous_1)","decl":{"start":{"line":9,"column":29},"end":{"line":9,"column":30}},"loc":{"start":{"line":9,"column":39},"end":{"line":12,"column":7}},"line":9},"2":{"name":"(anonymous_2)","decl":{"start":{"line":19,"column":2},"end":{"line":19,"column":3}},"loc":{"start":{"line":19,"column":43},"end":{"line":34,"column":3}},"line":19},"3":{"name":"(anonymous_3)","decl":{"start":{"line":36,"column":2},"end":{"line":36,"column":3}},"loc":{"start":{"line":36,"column":44},"end":{"line":56,"column":3}},"line":36},"4":{"name":"(anonymous_4)","decl":{"start":{"line":58,"column":2},"end":{"line":58,"column":3}},"loc":{"start":{"line":58,"column":41},"end":{"line":90,"column":3}},"line":58},"5":{"name":"(anonymous_5)","decl":{"start":{"line":92,"column":2},"end":{"line":92,"column":3}},"loc":{"start":{"line":92,"column":40},"end":{"line":119,"column":3}},"line":92},"6":{"name":"(anonymous_6)","decl":{"start":{"line":121,"column":2},"end":{"line":121,"column":3}},"loc":{"start":{"line":121,"column":42},"end":{"line":144,"column":3}},"line":121}},"branchMap":{"0":{"loc":{"start":{"line":67,"column":6},"end":{"line":69,"column":7}},"type":"if","locations":[{"start":{"line":67,"column":6},"end":{"line":69,"column":7}},{"start":{},"end":{}}],"line":67},"1":{"loc":{"start":{"line":75,"column":6},"end":{"line":85,"column":7}},"type":"if","locations":[{"start":{"line":75,"column":6},"end":{"line":85,"column":7}},{"start":{"line":83,"column":13},"end":{"line":85,"column":7}}],"line":75},"2":{"loc":{"start":{"line":111,"column":6},"end":{"line":111,"column":48}},"type":"if","locations":[{"start":{"line":111,"column":6},"end":{"line":111,"column":48}},{"start":{},"end":{}}],"line":111},"3":{"loc":{"start":{"line":127,"column":6},"end":{"line":129,"column":7}},"type":"if","locations":[{"start":{"line":127,"column":6},"end":{"line":129,"column":7}},{"start":{},"end":{}}],"line":127},"4":{"loc":{"start":{"line":135,"column":6},"end":{"line":140,"column":7}},"type":"if","locations":[{"start":{"line":135,"column":6},"end":{"line":140,"column":7}},{"start":{},"end":{}}],"line":135}},"s":{"0":3,"1":3,"2":3,"3":0,"4":0,"5":0,"6":0,"7":0,"8":0,"9":0,"10":0,"11":0,"12":0,"13":0,"14":0,"15":6,"16":6,"17":6,"18":1,"19":5,"20":3,"21":3,"22":3,"23":2,"24":1,"25":1,"26":1,"27":1,"28":0,"29":2,"30":2,"31":1,"32":1,"33":1,"34":1,"35":1,"36":0,"37":1,"38":0,"39":1,"40":1,"41":1,"42":1,"43":0,"44":1,"45":1,"46":1,"47":0,"48":3},"f":{"0":0,"1":0,"2":0,"3":6,"4":3,"5":1,"6":1},"b":{"0":[1,1],"1":[1,0],"2":[0,1],"3":[0,1],"4":[1,0]},"_coverageSchema":"1a1c01bbd47fc00a2c39e90264f33305004495a9","hash":"d795b50d099bbc00d9830af407ecf6f7f3fec327"}
,"C:\\Users\\ASUS\\Desktop\\final-project\\server\\helpers\\bcrypt.js": {"path":"C:\\Users\\ASUS\\Desktop\\final-project\\server\\helpers\\bcrypt.js","statementMap":{"0":{"start":{"line":1,"column":15},"end":{"line":1,"column":34}},"1":{"start":{"line":3,"column":22},"end":{"line":5,"column":1}},"2":{"start":{"line":4,"column":2},"end":{"line":4,"column":52}},"3":{"start":{"line":7,"column":21},"end":{"line":9,"column":1}},"4":{"start":{"line":8,"column":2},"end":{"line":8,"column":59}},"5":{"start":{"line":10,"column":0},"end":{"line":10,"column":49}}},"fnMap":{"0":{"name":"(anonymous_0)","decl":{"start":{"line":3,"column":22},"end":{"line":3,"column":23}},"loc":{"start":{"line":3,"column":50},"end":{"line":5,"column":1}},"line":3},"1":{"name":"(anonymous_1)","decl":{"start":{"line":7,"column":21},"end":{"line":7,"column":22}},"loc":{"start":{"line":7,"column":35},"end":{"line":9,"column":1}},"line":7}},"branchMap":{},"s":{"0":3,"1":3,"2":1,"3":3,"4":2,"5":3},"f":{"0":1,"1":2},"b":{},"_coverageSchema":"1a1c01bbd47fc00a2c39e90264f33305004495a9","hash":"549f44054ca36b1757a1c91d44c69966a88b9185"}
,"C:\\Users\\ASUS\\Desktop\\final-project\\server\\helpers\\jwt.js": {"path":"C:\\Users\\ASUS\\Desktop\\final-project\\server\\helpers\\jwt.js","statementMap":{"0":{"start":{"line":1,"column":12},"end":{"line":1,"column":35}},"1":{"start":{"line":2,"column":19},"end":{"line":2,"column":54}},"2":{"start":{"line":4,"column":22},"end":{"line":6,"column":1}},"3":{"start":{"line":5,"column":2},"end":{"line":5,"column":60}},"4":{"start":{"line":8,"column":19},"end":{"line":10,"column":1}},"5":{"start":{"line":9,"column":2},"end":{"line":9,"column":39}},"6":{"start":{"line":12,"column":0},"end":{"line":12,"column":47}}},"fnMap":{"0":{"name":"(anonymous_0)","decl":{"start":{"line":4,"column":22},"end":{"line":4,"column":23}},"loc":{"start":{"line":4,"column":35},"end":{"line":6,"column":1}},"line":4},"1":{"name":"(anonymous_1)","decl":{"start":{"line":8,"column":19},"end":{"line":8,"column":20}},"loc":{"start":{"line":8,"column":30},"end":{"line":10,"column":1}},"line":8}},"branchMap":{"0":{"loc":{"start":{"line":2,"column":19},"end":{"line":2,"column":54}},"type":"binary-expr","locations":[{"start":{"line":2,"column":19},"end":{"line":2,"column":41}},{"start":{"line":2,"column":45},"end":{"line":2,"column":54}}],"line":2}},"s":{"0":3,"1":3,"2":3,"3":4,"4":3,"5":13,"6":3},"f":{"0":4,"1":13},"b":{"0":[3,0]},"_coverageSchema":"1a1c01bbd47fc00a2c39e90264f33305004495a9","hash":"1cb8e63760602dd8c6d09e0eb2bebe2f4977c2c9"}
,"C:\\Users\\ASUS\\Desktop\\final-project\\server\\middlewares\\Authentication.js": {"path":"C:\\Users\\ASUS\\Desktop\\final-project\\server\\middlewares\\Authentication.js","statementMap":{"0":{"start":{"line":1,"column":23},"end":{"line":1,"column":48}},"1":{"start":{"line":2,"column":17},"end":{"line":2,"column":37}},"2":{"start":{"line":5,"column":2},"end":{"line":41,"column":3}},"3":{"start":{"line":6,"column":29},"end":{"line":6,"column":40}},"4":{"start":{"line":10,"column":4},"end":{"line":10,"column":53}},"5":{"start":{"line":10,"column":23},"end":{"line":10,"column":53}},"6":{"start":{"line":12,"column":20},"end":{"line":12,"column":44}},"7":{"start":{"line":16,"column":4},"end":{"line":16,"column":54}},"8":{"start":{"line":16,"column":18},"end":{"line":16,"column":54}},"9":{"start":{"line":18,"column":17},"end":{"line":22,"column":6}},"10":{"start":{"line":29,"column":4},"end":{"line":29,"column":42}},"11":{"start":{"line":29,"column":15},"end":{"line":29,"column":42}},"12":{"start":{"line":31,"column":4},"end":{"line":35,"column":6}},"13":{"start":{"line":38,"column":4},"end":{"line":38,"column":11}},"14":{"start":{"line":40,"column":4},"end":{"line":40,"column":16}},"15":{"start":{"line":44,"column":0},"end":{"line":44,"column":32}}},"fnMap":{"0":{"name":"Authentication","decl":{"start":{"line":4,"column":15},"end":{"line":4,"column":29}},"loc":{"start":{"line":4,"column":46},"end":{"line":42,"column":1}},"line":4}},"branchMap":{"0":{"loc":{"start":{"line":10,"column":4},"end":{"line":10,"column":53}},"type":"if","locations":[{"start":{"line":10,"column":4},"end":{"line":10,"column":53}},{"start":{},"end":{}}],"line":10},"1":{"loc":{"start":{"line":16,"column":4},"end":{"line":16,"column":54}},"type":"if","locations":[{"start":{"line":16,"column":4},"end":{"line":16,"column":54}},{"start":{},"end":{}}],"line":16},"2":{"loc":{"start":{"line":29,"column":4},"end":{"line":29,"column":42}},"type":"if","locations":[{"start":{"line":29,"column":4},"end":{"line":29,"column":42}},{"start":{},"end":{}}],"line":29}},"s":{"0":3,"1":3,"2":8,"3":8,"4":8,"5":0,"6":8,"7":8,"8":0,"9":8,"10":6,"11":0,"12":6,"13":6,"14":2,"15":3},"f":{"0":8},"b":{"0":[0,8],"1":[0,8],"2":[0,6]},"_coverageSchema":"1a1c01bbd47fc00a2c39e90264f33305004495a9","hash":"1a58a36621e22bdf699a214b2f9372a4132bb55f"}
,"C:\\Users\\ASUS\\Desktop\\final-project\\server\\middlewares\\Authorization.js": {"path":"C:\\Users\\ASUS\\Desktop\\final-project\\server\\middlewares\\Authorization.js","statementMap":{"0":{"start":{"line":1,"column":17},"end":{"line":1,"column":37}},"1":{"start":{"line":2,"column":23},"end":{"line":2,"column":48}},"2":{"start":{"line":4,"column":22},"end":{"line":25,"column":1}},"3":{"start":{"line":5,"column":2},"end":{"line":24,"column":3}},"4":{"start":{"line":6,"column":4},"end":{"line":6,"column":59}},"5":{"start":{"line":7,"column":4},"end":{"line":9,"column":5}},"6":{"start":{"line":8,"column":6},"end":{"line":8,"column":37}},"7":{"start":{"line":11,"column":20},"end":{"line":11,"column":56}},"8":{"start":{"line":12,"column":4},"end":{"line":12,"column":44}},"9":{"start":{"line":14,"column":4},"end":{"line":18,"column":5}},"10":{"start":{"line":15,"column":6},"end":{"line":15,"column":37}},"11":{"start":{"line":17,"column":6},"end":{"line":17,"column":13}},"12":{"start":{"line":23,"column":4},"end":{"line":23,"column":14}},"13":{"start":{"line":27,"column":0},"end":{"line":27,"column":31}}},"fnMap":{"0":{"name":"(anonymous_0)","decl":{"start":{"line":4,"column":22},"end":{"line":4,"column":23}},"loc":{"start":{"line":4,"column":48},"end":{"line":25,"column":1}},"line":4}},"branchMap":{"0":{"loc":{"start":{"line":7,"column":4},"end":{"line":9,"column":5}},"type":"if","locations":[{"start":{"line":7,"column":4},"end":{"line":9,"column":5}},{"start":{},"end":{}}],"line":7},"1":{"loc":{"start":{"line":14,"column":4},"end":{"line":18,"column":5}},"type":"if","locations":[{"start":{"line":14,"column":4},"end":{"line":18,"column":5}},{"start":{"line":16,"column":11},"end":{"line":18,"column":5}}],"line":14}},"s":{"0":3,"1":3,"2":3,"3":5,"4":5,"5":5,"6":0,"7":5,"8":5,"9":5,"10":0,"11":5,"12":0,"13":3},"f":{"0":5},"b":{"0":[0,5],"1":[0,5]},"_coverageSchema":"1a1c01bbd47fc00a2c39e90264f33305004495a9","hash":"6321879844f0ad31b0e39e38c248b8ada559c830"}
,"C:\\Users\\ASUS\\Desktop\\final-project\\server\\middlewares\\errorHandler.js": {"path":"C:\\Users\\ASUS\\Desktop\\final-project\\server\\middlewares\\errorHandler.js","statementMap":{"0":{"start":{"line":1,"column":21},"end":{"line":70,"column":1}},"1":{"start":{"line":2,"column":2},"end":{"line":2,"column":41}},"2":{"start":{"line":3,"column":2},"end":{"line":28,"column":3}},"3":{"start":{"line":4,"column":4},"end":{"line":6,"column":7}},"4":{"start":{"line":7,"column":9},"end":{"line":28,"column":3}},"5":{"start":{"line":9,"column":4},"end":{"line":11,"column":7}},"6":{"start":{"line":12,"column":9},"end":{"line":28,"column":3}},"7":{"start":{"line":13,"column":4},"end":{"line":15,"column":7}},"8":{"start":{"line":16,"column":9},"end":{"line":28,"column":3}},"9":{"start":{"line":17,"column":4},"end":{"line":19,"column":7}},"10":{"start":{"line":20,"column":9},"end":{"line":28,"column":3}},"11":{"start":{"line":21,"column":4},"end":{"line":23,"column":7}},"12":{"start":{"line":24,"column":9},"end":{"line":28,"column":3}},"13":{"start":{"line":25,"column":4},"end":{"line":27,"column":7}},"14":{"start":{"line":29,"column":2},"end":{"line":69,"column":3}},"15":{"start":{"line":34,"column":19},"end":{"line":34,"column":35}},"16":{"start":{"line":35,"column":19},"end":{"line":35,"column":21}},"17":{"start":{"line":36,"column":4},"end":{"line":38,"column":5}},"18":{"start":{"line":37,"column":6},"end":{"line":37,"column":43}},"19":{"start":{"line":39,"column":4},"end":{"line":39,"column":53}},"20":{"start":{"line":40,"column":9},"end":{"line":69,"column":3}},"21":{"start":{"line":41,"column":4},"end":{"line":43,"column":7}},"22":{"start":{"line":44,"column":9},"end":{"line":69,"column":3}},"23":{"start":{"line":45,"column":4},"end":{"line":47,"column":7}},"24":{"start":{"line":48,"column":9},"end":{"line":69,"column":3}},"25":{"start":{"line":49,"column":4},"end":{"line":51,"column":7}},"26":{"start":{"line":52,"column":9},"end":{"line":69,"column":3}},"27":{"start":{"line":53,"column":4},"end":{"line":55,"column":7}},"28":{"start":{"line":56,"column":9},"end":{"line":69,"column":3}},"29":{"start":{"line":57,"column":4},"end":{"line":59,"column":7}},"30":{"start":{"line":60,"column":9},"end":{"line":69,"column":3}},"31":{"start":{"line":61,"column":4},"end":{"line":64,"column":7}},"32":{"start":{"line":66,"column":4},"end":{"line":68,"column":7}},"33":{"start":{"line":72,"column":0},"end":{"line":72,"column":34}}},"fnMap":{"0":{"name":"(anonymous_0)","decl":{"start":{"line":1,"column":21},"end":{"line":1,"column":22}},"loc":{"start":{"line":1,"column":61},"end":{"line":70,"column":1}},"line":1}},"branchMap":{"0":{"loc":{"start":{"line":3,"column":2},"end":{"line":28,"column":3}},"type":"if","locations":[{"start":{"line":3,"column":2},"end":{"line":28,"column":3}},{"start":{"line":7,"column":9},"end":{"line":28,"column":3}}],"line":3},"1":{"loc":{"start":{"line":7,"column":9},"end":{"line":28,"column":3}},"type":"if","locations":[{"start":{"line":7,"column":9},"end":{"line":28,"column":3}},{"start":{"line":12,"column":9},"end":{"line":28,"column":3}}],"line":7},"2":{"loc":{"start":{"line":7,"column":13},"end":{"line":7,"column":75}},"type":"binary-expr","locations":[{"start":{"line":7,"column":13},"end":{"line":7,"column":45}},{"start":{"line":7,"column":49},"end":{"line":7,"column":75}}],"line":7},"3":{"loc":{"start":{"line":12,"column":9},"end":{"line":28,"column":3}},"type":"if","locations":[{"start":{"line":12,"column":9},"end":{"line":28,"column":3}},{"start":{"line":16,"column":9},"end":{"line":28,"column":3}}],"line":12},"4":{"loc":{"start":{"line":16,"column":9},"end":{"line":28,"column":3}},"type":"if","locations":[{"start":{"line":16,"column":9},"end":{"line":28,"column":3}},{"start":{"line":20,"column":9},"end":{"line":28,"column":3}}],"line":16},"5":{"loc":{"start":{"line":20,"column":9},"end":{"line":28,"column":3}},"type":"if","locations":[{"start":{"line":20,"column":9},"end":{"line":28,"column":3}},{"start":{"line":24,"column":9},"end":{"line":28,"column":3}}],"line":20},"6":{"loc":{"start":{"line":24,"column":9},"end":{"line":28,"column":3}},"type":"if","locations":[{"start":{"line":24,"column":9},"end":{"line":28,"column":3}},{"start":{},"end":{}}],"line":24},"7":{"loc":{"start":{"line":29,"column":2},"end":{"line":69,"column":3}},"type":"if","locations":[{"start":{"line":29,"column":2},"end":{"line":69,"column":3}},{"start":{"line":40,"column":9},"end":{"line":69,"column":3}}],"line":29},"8":{"loc":{"start":{"line":30,"column":4},"end":{"line":32,"column":41}},"type":"binary-expr","locations":[{"start":{"line":30,"column":4},"end":{"line":30,"column":43}},{"start":{"line":31,"column":4},"end":{"line":31,"column":49}},{"start":{"line":32,"column":4},"end":{"line":32,"column":41}}],"line":30},"9":{"loc":{"start":{"line":34,"column":19},"end":{"line":34,"column":35}},"type":"binary-expr","locations":[{"start":{"line":34,"column":19},"end":{"line":34,"column":29}},{"start":{"line":34,"column":33},"end":{"line":34,"column":35}}],"line":34},"10":{"loc":{"start":{"line":40,"column":9},"end":{"line":69,"column":3}},"type":"if","locations":[{"start":{"line":40,"column":9},"end":{"line":69,"column":3}},{"start":{"line":44,"column":9},"end":{"line":69,"column":3}}],"line":40},"11":{"loc":{"start":{"line":44,"column":9},"end":{"line":69,"column":3}},"type":"if","locations":[{"start":{"line":44,"column":9},"end":{"line":69,"column":3}},{"start":{"line":48,"column":9},"end":{"line":69,"column":3}}],"line":44},"12":{"loc":{"start":{"line":48,"column":9},"end":{"line":69,"column":3}},"type":"if","locations":[{"start":{"line":48,"column":9},"end":{"line":69,"column":3}},{"start":{"line":52,"column":9},"end":{"line":69,"column":3}}],"line":48},"13":{"loc":{"start":{"line":52,"column":9},"end":{"line":69,"column":3}},"type":"if","locations":[{"start":{"line":52,"column":9},"end":{"line":69,"column":3}},{"start":{"line":56,"column":9},"end":{"line":69,"column":3}}],"line":52},"14":{"loc":{"start":{"line":56,"column":9},"end":{"line":69,"column":3}},"type":"if","locations":[{"start":{"line":56,"column":9},"end":{"line":69,"column":3}},{"start":{"line":60,"column":9},"end":{"line":69,"column":3}}],"line":56},"15":{"loc":{"start":{"line":60,"column":9},"end":{"line":69,"column":3}},"type":"if","locations":[{"start":{"line":60,"column":9},"end":{"line":69,"column":3}},{"start":{"line":65,"column":9},"end":{"line":69,"column":3}}],"line":60}},"s":{"0":3,"1":9,"2":9,"3":0,"4":9,"5":0,"6":9,"7":0,"8":9,"9":0,"10":9,"11":0,"12":9,"13":0,"14":9,"15":8,"16":8,"17":8,"18":5,"19":8,"20":1,"21":0,"22":1,"23":0,"24":1,"25":0,"26":1,"27":0,"28":1,"29":1,"30":0,"31":0,"32":0,"33":3},"f":{"0":9},"b":{"0":[0,9],"1":[0,9],"2":[9,9],"3":[0,9],"4":[0,9],"5":[0,9],"6":[0,9],"7":[8,1],"8":[9,4,4],"9":[8,3],"10":[0,1],"11":[0,1],"12":[0,1],"13":[0,1],"14":[1,0],"15":[0,0]},"_coverageSchema":"1a1c01bbd47fc00a2c39e90264f33305004495a9","hash":"75c723d0a1d61fd97319126a770ad47a99c90a49"}
,"C:\\Users\\ASUS\\Desktop\\final-project\\server\\models\\activity.js": {"path":"C:\\Users\\ASUS\\Desktop\\final-project\\server\\models\\activity.js","statementMap":{"0":{"start":{"line":2,"column":18},"end":{"line":2,"column":38}},"1":{"start":{"line":3,"column":0},"end":{"line":63,"column":2}},"2":{"start":{"line":12,"column":6},"end":{"line":12,"column":64}},"3":{"start":{"line":13,"column":6},"end":{"line":15,"column":9}},"4":{"start":{"line":18,"column":2},"end":{"line":61,"column":4}},"5":{"start":{"line":62,"column":2},"end":{"line":62,"column":18}}},"fnMap":{"0":{"name":"(anonymous_0)","decl":{"start":{"line":3,"column":17},"end":{"line":3,"column":18}},"loc":{"start":{"line":3,"column":43},"end":{"line":63,"column":1}},"line":3},"1":{"name":"(anonymous_1)","decl":{"start":{"line":10,"column":4},"end":{"line":10,"column":5}},"loc":{"start":{"line":10,"column":29},"end":{"line":16,"column":5}},"line":10}},"branchMap":{},"s":{"0":3,"1":3,"2":3,"3":3,"4":3,"5":3},"f":{"0":3,"1":3},"b":{},"_coverageSchema":"1a1c01bbd47fc00a2c39e90264f33305004495a9","hash":"9208b43560a05241eaf1d1129f905016db6e7f9a"}
,"C:\\Users\\ASUS\\Desktop\\final-project\\server\\models\\index.js": {"path":"C:\\Users\\ASUS\\Desktop\\final-project\\server\\models\\index.js","statementMap":{"0":{"start":{"line":3,"column":11},"end":{"line":3,"column":24}},"1":{"start":{"line":4,"column":13},"end":{"line":4,"column":28}},"2":{"start":{"line":5,"column":18},"end":{"line":5,"column":38}},"3":{"start":{"line":6,"column":16},"end":{"line":6,"column":34}},"4":{"start":{"line":7,"column":17},"end":{"line":7,"column":42}},"5":{"start":{"line":8,"column":12},"end":{"line":8,"column":49}},"6":{"start":{"line":9,"column":15},"end":{"line":9,"column":65}},"7":{"start":{"line":10,"column":11},"end":{"line":10,"column":13}},"8":{"start":{"line":13,"column":0},"end":{"line":17,"column":1}},"9":{"start":{"line":14,"column":2},"end":{"line":14,"column":74}},"10":{"start":{"line":16,"column":2},"end":{"line":16,"column":87}},"11":{"start":{"line":19,"column":0},"end":{"line":32,"column":5}},"12":{"start":{"line":22,"column":4},"end":{"line":27,"column":6}},"13":{"start":{"line":30,"column":18},"end":{"line":30,"column":85}},"14":{"start":{"line":31,"column":4},"end":{"line":31,"column":27}},"15":{"start":{"line":34,"column":0},"end":{"line":38,"column":3}},"16":{"start":{"line":35,"column":2},"end":{"line":37,"column":3}},"17":{"start":{"line":36,"column":4},"end":{"line":36,"column":32}},"18":{"start":{"line":40,"column":0},"end":{"line":40,"column":25}},"19":{"start":{"line":41,"column":0},"end":{"line":41,"column":25}},"20":{"start":{"line":43,"column":0},"end":{"line":43,"column":20}}},"fnMap":{"0":{"name":"(anonymous_0)","decl":{"start":{"line":21,"column":10},"end":{"line":21,"column":11}},"loc":{"start":{"line":21,"column":18},"end":{"line":28,"column":3}},"line":21},"1":{"name":"(anonymous_1)","decl":{"start":{"line":29,"column":11},"end":{"line":29,"column":12}},"loc":{"start":{"line":29,"column":19},"end":{"line":32,"column":3}},"line":29},"2":{"name":"(anonymous_2)","decl":{"start":{"line":34,"column":24},"end":{"line":34,"column":25}},"loc":{"start":{"line":34,"column":37},"end":{"line":38,"column":1}},"line":34}},"branchMap":{"0":{"loc":{"start":{"line":8,"column":12},"end":{"line":8,"column":49}},"type":"binary-expr","locations":[{"start":{"line":8,"column":12},"end":{"line":8,"column":32}},{"start":{"line":8,"column":36},"end":{"line":8,"column":49}}],"line":8},"1":{"loc":{"start":{"line":13,"column":0},"end":{"line":17,"column":1}},"type":"if","locations":[{"start":{"line":13,"column":0},"end":{"line":17,"column":1}},{"start":{"line":15,"column":7},"end":{"line":17,"column":1}}],"line":13},"2":{"loc":{"start":{"line":23,"column":6},"end":{"line":26,"column":37}},"type":"binary-expr","locations":[{"start":{"line":23,"column":6},"end":{"line":23,"column":29}},{"start":{"line":24,"column":6},"end":{"line":24,"column":23}},{"start":{"line":25,"column":6},"end":{"line":25,"column":30}},{"start":{"line":26,"column":6},"end":{"line":26,"column":37}}],"line":23},"3":{"loc":{"start":{"line":35,"column":2},"end":{"line":37,"column":3}},"type":"if","locations":[{"start":{"line":35,"column":2},"end":{"line":37,"column":3}},{"start":{},"end":{}}],"line":35}},"s":{"0":3,"1":3,"2":3,"3":3,"4":3,"5":3,"6":3,"7":3,"8":3,"9":0,"10":3,"11":3,"12":18,"13":15,"14":15,"15":3,"16":15,"17":15,"18":3,"19":3,"20":3},"f":{"0":18,"1":15,"2":15},"b":{"0":[3,0],"1":[0,3],"2":[18,18,15,15],"3":[15,0]},"_coverageSchema":"1a1c01bbd47fc00a2c39e90264f33305004495a9","hash":"4a515ac9f8a73b98fccdecfe3367a1917058850f"}
,"C:\\Users\\ASUS\\Desktop\\final-project\\server\\models\\mentorschedule.js": {"path":"C:\\Users\\ASUS\\Desktop\\final-project\\server\\models\\mentorschedule.js","statementMap":{"0":{"start":{"line":2,"column":18},"end":{"line":2,"column":38}},"1":{"start":{"line":3,"column":0},"end":{"line":33,"column":2}},"2":{"start":{"line":12,"column":6},"end":{"line":12,"column":46}},"3":{"start":{"line":13,"column":6},"end":{"line":15,"column":9}},"4":{"start":{"line":18,"column":2},"end":{"line":31,"column":4}},"5":{"start":{"line":32,"column":2},"end":{"line":32,"column":24}}},"fnMap":{"0":{"name":"(anonymous_0)","decl":{"start":{"line":3,"column":17},"end":{"line":3,"column":18}},"loc":{"start":{"line":3,"column":43},"end":{"line":33,"column":1}},"line":3},"1":{"name":"(anonymous_1)","decl":{"start":{"line":10,"column":4},"end":{"line":10,"column":5}},"loc":{"start":{"line":10,"column":29},"end":{"line":16,"column":5}},"line":10}},"branchMap":{},"s":{"0":3,"1":3,"2":3,"3":3,"4":3,"5":3},"f":{"0":3,"1":3},"b":{},"_coverageSchema":"1a1c01bbd47fc00a2c39e90264f33305004495a9","hash":"35e630f78bdbb533a5fb4b934705458c6b18f5c7"}
,"C:\\Users\\ASUS\\Desktop\\final-project\\server\\models\\package.js": {"path":"C:\\Users\\ASUS\\Desktop\\final-project\\server\\models\\package.js","statementMap":{"0":{"start":{"line":2,"column":18},"end":{"line":2,"column":38}},"1":{"start":{"line":3,"column":0},"end":{"line":56,"column":2}},"2":{"start":{"line":12,"column":6},"end":{"line":12,"column":71}},"3":{"start":{"line":15,"column":2},"end":{"line":54,"column":4}},"4":{"start":{"line":55,"column":2},"end":{"line":55,"column":17}}},"fnMap":{"0":{"name":"(anonymous_0)","decl":{"start":{"line":3,"column":17},"end":{"line":3,"column":18}},"loc":{"start":{"line":3,"column":43},"end":{"line":56,"column":1}},"line":3},"1":{"name":"(anonymous_1)","decl":{"start":{"line":10,"column":4},"end":{"line":10,"column":5}},"loc":{"start":{"line":10,"column":29},"end":{"line":13,"column":5}},"line":10}},"branchMap":{},"s":{"0":3,"1":3,"2":3,"3":3,"4":3},"f":{"0":3,"1":3},"b":{},"_coverageSchema":"1a1c01bbd47fc00a2c39e90264f33305004495a9","hash":"ba9678a9a3323cf159c339c768ed030d6c665772"}
,"C:\\Users\\ASUS\\Desktop\\final-project\\server\\models\\transaction.js": {"path":"C:\\Users\\ASUS\\Desktop\\final-project\\server\\models\\transaction.js","statementMap":{"0":{"start":{"line":2,"column":18},"end":{"line":2,"column":38}},"1":{"start":{"line":3,"column":0},"end":{"line":57,"column":2}},"2":{"start":{"line":12,"column":6},"end":{"line":12,"column":73}},"3":{"start":{"line":13,"column":6},"end":{"line":13,"column":67}},"4":{"start":{"line":16,"column":2},"end":{"line":55,"column":4}},"5":{"start":{"line":56,"column":2},"end":{"line":56,"column":21}}},"fnMap":{"0":{"name":"(anonymous_0)","decl":{"start":{"line":3,"column":17},"end":{"line":3,"column":18}},"loc":{"start":{"line":3,"column":43},"end":{"line":57,"column":1}},"line":3},"1":{"name":"(anonymous_1)","decl":{"start":{"line":10,"column":4},"end":{"line":10,"column":5}},"loc":{"start":{"line":10,"column":29},"end":{"line":14,"column":5}},"line":10}},"branchMap":{},"s":{"0":3,"1":3,"2":3,"3":3,"4":3,"5":3},"f":{"0":3,"1":3},"b":{},"_coverageSchema":"1a1c01bbd47fc00a2c39e90264f33305004495a9","hash":"f0c76113895b449b513884d17380e669f8a62e67"}
,"C:\\Users\\ASUS\\Desktop\\final-project\\server\\models\\user.js": {"path":"C:\\Users\\ASUS\\Desktop\\final-project\\server\\models\\user.js","statementMap":{"0":{"start":{"line":2,"column":18},"end":{"line":2,"column":38}},"1":{"start":{"line":3,"column":25},"end":{"line":3,"column":53}},"2":{"start":{"line":4,"column":0},"end":{"line":83,"column":2}},"3":{"start":{"line":13,"column":6},"end":{"line":13,"column":65}},"4":{"start":{"line":14,"column":6},"end":{"line":14,"column":62}},"5":{"start":{"line":15,"column":6},"end":{"line":15,"column":42}},"6":{"start":{"line":18,"column":2},"end":{"line":78,"column":4}},"7":{"start":{"line":79,"column":2},"end":{"line":81,"column":5}},"8":{"start":{"line":80,"column":4},"end":{"line":80,"column":48}},"9":{"start":{"line":82,"column":2},"end":{"line":82,"column":14}}},"fnMap":{"0":{"name":"(anonymous_0)","decl":{"start":{"line":4,"column":17},"end":{"line":4,"column":18}},"loc":{"start":{"line":4,"column":43},"end":{"line":83,"column":1}},"line":4},"1":{"name":"(anonymous_1)","decl":{"start":{"line":11,"column":4},"end":{"line":11,"column":5}},"loc":{"start":{"line":11,"column":29},"end":{"line":16,"column":5}},"line":11},"2":{"name":"(anonymous_2)","decl":{"start":{"line":79,"column":20},"end":{"line":79,"column":21}},"loc":{"start":{"line":79,"column":30},"end":{"line":81,"column":3}},"line":79}},"branchMap":{},"s":{"0":3,"1":3,"2":3,"3":3,"4":3,"5":3,"6":3,"7":3,"8":2,"9":3},"f":{"0":3,"1":3,"2":2},"b":{},"_coverageSchema":"1a1c01bbd47fc00a2c39e90264f33305004495a9","hash":"8e3583fe8278963b6e120789ab9bfde9b1db5854"}
,"C:\\Users\\ASUS\\Desktop\\final-project\\server\\routers\\activity.js": {"path":"C:\\Users\\ASUS\\Desktop\\final-project\\server\\routers\\activity.js","statementMap":{"0":{"start":{"line":1,"column":16},"end":{"line":1,"column":34}},"1":{"start":{"line":2,"column":15},"end":{"line":2,"column":31}},"2":{"start":{"line":3,"column":27},"end":{"line":3,"column":71}},"3":{"start":{"line":4,"column":23},"end":{"line":4,"column":63}},"4":{"start":{"line":6,"column":0},"end":{"line":6,"column":27}},"5":{"start":{"line":7,"column":0},"end":{"line":7,"column":50}},"6":{"start":{"line":9,"column":0},"end":{"line":9,"column":24}}},"fnMap":{},"branchMap":{},"s":{"0":3,"1":3,"2":3,"3":3,"4":3,"5":3,"6":3},"f":{},"b":{},"_coverageSchema":"1a1c01bbd47fc00a2c39e90264f33305004495a9","hash":"9fa2e0864826e6e70404ba79b5959744bf143a86"}
,"C:\\Users\\ASUS\\Desktop\\final-project\\server\\routers\\index.js": {"path":"C:\\Users\\ASUS\\Desktop\\final-project\\server\\routers\\index.js","statementMap":{"0":{"start":{"line":1,"column":16},"end":{"line":1,"column":34}},"1":{"start":{"line":2,"column":15},"end":{"line":2,"column":31}},"2":{"start":{"line":3,"column":22},"end":{"line":3,"column":48}},"3":{"start":{"line":4,"column":19},"end":{"line":4,"column":42}},"4":{"start":{"line":5,"column":22},"end":{"line":5,"column":48}},"5":{"start":{"line":6,"column":19},"end":{"line":6,"column":42}},"6":{"start":{"line":7,"column":23},"end":{"line":7,"column":44}},"7":{"start":{"line":8,"column":23},"end":{"line":8,"column":50}},"8":{"start":{"line":10,"column":0},"end":{"line":10,"column":41}},"9":{"start":{"line":11,"column":0},"end":{"line":11,"column":33}},"10":{"start":{"line":12,"column":0},"end":{"line":12,"column":39}},"11":{"start":{"line":13,"column":0},"end":{"line":13,"column":38}},"12":{"start":{"line":14,"column":0},"end":{"line":14,"column":33}},"13":{"start":{"line":15,"column":0},"end":{"line":15,"column":42}},"14":{"start":{"line":17,"column":0},"end":{"line":17,"column":24}}},"fnMap":{},"branchMap":{},"s":{"0":3,"1":3,"2":3,"3":3,"4":3,"5":3,"6":3,"7":3,"8":3,"9":3,"10":3,"11":3,"12":3,"13":3,"14":3},"f":{},"b":{},"_coverageSchema":"1a1c01bbd47fc00a2c39e90264f33305004495a9","hash":"bce868f1501eca4f3d55e544680950670641b843"}
,"C:\\Users\\ASUS\\Desktop\\final-project\\server\\routers\\mentorSchedule.js": {"path":"C:\\Users\\ASUS\\Desktop\\final-project\\server\\routers\\mentorSchedule.js","statementMap":{"0":{"start":{"line":1,"column":16},"end":{"line":1,"column":34}},"1":{"start":{"line":2,"column":15},"end":{"line":2,"column":31}},"2":{"start":{"line":3,"column":23},"end":{"line":3,"column":63}},"3":{"start":{"line":4,"column":22},"end":{"line":4,"column":61}},"4":{"start":{"line":6,"column":33},"end":{"line":6,"column":83}},"5":{"start":{"line":8,"column":0},"end":{"line":8,"column":60}},"6":{"start":{"line":10,"column":0},"end":{"line":10,"column":27}},"7":{"start":{"line":12,"column":0},"end":{"line":12,"column":79}},"8":{"start":{"line":13,"column":0},"end":{"line":13,"column":67}},"9":{"start":{"line":14,"column":0},"end":{"line":18,"column":2}},"10":{"start":{"line":20,"column":0},"end":{"line":20,"column":24}}},"fnMap":{},"branchMap":{},"s":{"0":3,"1":3,"2":3,"3":3,"4":3,"5":3,"6":3,"7":3,"8":3,"9":3,"10":3},"f":{},"b":{},"_coverageSchema":"1a1c01bbd47fc00a2c39e90264f33305004495a9","hash":"41ffe47eadacf1d6516f4b52266a8b0377d82e4d"}
,"C:\\Users\\ASUS\\Desktop\\final-project\\server\\routers\\packageRouter.js": {"path":"C:\\Users\\ASUS\\Desktop\\final-project\\server\\routers\\packageRouter.js","statementMap":{"0":{"start":{"line":1,"column":16},"end":{"line":1,"column":34}},"1":{"start":{"line":2,"column":15},"end":{"line":2,"column":31}},"2":{"start":{"line":3,"column":26},"end":{"line":3,"column":69}},"3":{"start":{"line":4,"column":23},"end":{"line":4,"column":63}},"4":{"start":{"line":5,"column":22},"end":{"line":5,"column":61}},"5":{"start":{"line":7,"column":0},"end":{"line":7,"column":50}},"6":{"start":{"line":8,"column":0},"end":{"line":8,"column":53}},"7":{"start":{"line":10,"column":0},"end":{"line":10,"column":27}},"8":{"start":{"line":11,"column":0},"end":{"line":11,"column":26}},"9":{"start":{"line":13,"column":0},"end":{"line":13,"column":50}},"10":{"start":{"line":14,"column":0},"end":{"line":14,"column":50}},"11":{"start":{"line":15,"column":0},"end":{"line":15,"column":55}},"12":{"start":{"line":17,"column":0},"end":{"line":17,"column":24}}},"fnMap":{},"branchMap":{},"s":{"0":3,"1":3,"2":3,"3":3,"4":3,"5":3,"6":3,"7":3,"8":3,"9":3,"10":3,"11":3,"12":3},"f":{},"b":{},"_coverageSchema":"1a1c01bbd47fc00a2c39e90264f33305004495a9","hash":"9ee456476badfaa39f11c49c5266a47d1341bb64"}
,"C:\\Users\\ASUS\\Desktop\\final-project\\server\\routers\\paymentRouter.js": {"path":"C:\\Users\\ASUS\\Desktop\\final-project\\server\\routers\\paymentRouter.js","statementMap":{"0":{"start":{"line":1,"column":26},"end":{"line":1,"column":69}},"1":{"start":{"line":2,"column":23},"end":{"line":2,"column":63}},"2":{"start":{"line":3,"column":15},"end":{"line":3,"column":42}},"3":{"start":{"line":5,"column":0},"end":{"line":5,"column":74}},"4":{"start":{"line":6,"column":0},"end":{"line":6,"column":74}},"5":{"start":{"line":7,"column":0},"end":{"line":7,"column":23}}},"fnMap":{},"branchMap":{},"s":{"0":3,"1":3,"2":3,"3":3,"4":3,"5":3},"f":{},"b":{},"_coverageSchema":"1a1c01bbd47fc00a2c39e90264f33305004495a9","hash":"be2fb8489634c982bbe759ba8351cb4352af602e"}
,"C:\\Users\\ASUS\\Desktop\\final-project\\server\\routers\\roomRouter.js": {"path":"C:\\Users\\ASUS\\Desktop\\final-project\\server\\routers\\roomRouter.js","statementMap":{"0":{"start":{"line":1,"column":16},"end":{"line":1,"column":34}},"1":{"start":{"line":2,"column":15},"end":{"line":2,"column":31}},"2":{"start":{"line":3,"column":23},"end":{"line":3,"column":63}},"3":{"start":{"line":4,"column":23},"end":{"line":4,"column":63}},"4":{"start":{"line":6,"column":0},"end":{"line":6,"column":27}},"5":{"start":{"line":7,"column":0},"end":{"line":7,"column":40}},"6":{"start":{"line":8,"column":0},"end":{"line":8,"column":44}},"7":{"start":{"line":9,"column":0},"end":{"line":9,"column":51}},"8":{"start":{"line":11,"column":0},"end":{"line":11,"column":24}}},"fnMap":{},"branchMap":{},"s":{"0":3,"1":3,"2":3,"3":3,"4":3,"5":3,"6":3,"7":3,"8":3},"f":{},"b":{},"_coverageSchema":"1a1c01bbd47fc00a2c39e90264f33305004495a9","hash":"4532e9bb14c357072e8b2ece81f64de9243f2b6d"}
,"C:\\Users\\ASUS\\Desktop\\final-project\\server\\routers\\userRouter.js": {"path":"C:\\Users\\ASUS\\Desktop\\final-project\\server\\routers\\userRouter.js","statementMap":{"0":{"start":{"line":1,"column":23},"end":{"line":1,"column":63}},"1":{"start":{"line":2,"column":23},"end":{"line":2,"column":63}},"2":{"start":{"line":3,"column":22},"end":{"line":3,"column":61}},"3":{"start":{"line":4,"column":15},"end":{"line":4,"column":42}},"4":{"start":{"line":6,"column":0},"end":{"line":6,"column":41}},"5":{"start":{"line":7,"column":0},"end":{"line":7,"column":48}},"6":{"start":{"line":8,"column":0},"end":{"line":8,"column":54}},"7":{"start":{"line":9,"column":0},"end":{"line":9,"column":47}},"8":{"start":{"line":11,"column":0},"end":{"line":11,"column":27}},"9":{"start":{"line":12,"column":0},"end":{"line":12,"column":44}},"10":{"start":{"line":13,"column":0},"end":{"line":13,"column":26}},"11":{"start":{"line":14,"column":0},"end":{"line":14,"column":49}},"12":{"start":{"line":16,"column":0},"end":{"line":16,"column":24}}},"fnMap":{},"branchMap":{},"s":{"0":3,"1":3,"2":3,"3":3,"4":3,"5":3,"6":3,"7":3,"8":3,"9":3,"10":3,"11":3,"12":3},"f":{},"b":{},"_coverageSchema":"1a1c01bbd47fc00a2c39e90264f33305004495a9","hash":"6aa9b654e3e57819040147010048ffb3435c5dba"}
}
