TN:
SF:app.js
FNF:0
FNH:0
DA:1,3
DA:2,3
DA:3,3
DA:4,3
DA:5,3
DA:6,3
DA:8,3
DA:9,3
DA:10,3
DA:12,3
DA:13,3
DA:15,3
LF:12
LH:12
BRF:0
BRH:0
end_of_record
TN:
SF:controllers\activityController.js
FN:3,(anonymous_0)
FNF:1
FNH:0
FNDA:0,(anonymous_0)
DA:1,3
DA:4,0
DA:5,0
DA:6,0
DA:8,0
DA:12,3
LF:6
LH:2
BRF:0
BRH:0
end_of_record
TN:
SF:controllers\mentorScheduleController.js
FN:4,(anonymous_0)
FN:21,(anonymous_1)
FN:36,(anonymous_2)
FN:53,(anonymous_3)
FNF:4
FNH:3
FNDA:1,(anonymous_0)
FNDA:2,(anonymous_1)
FNDA:0,(anonymous_2)
FNDA:1,(anonymous_3)
DA:1,3
DA:5,1
DA:6,1
DA:15,1
DA:17,0
DA:22,2
DA:23,2
DA:24,2
DA:26,2
DA:30,2
DA:32,0
DA:37,0
DA:38,0
DA:39,0
DA:40,0
DA:41,0
DA:47,0
DA:49,0
DA:54,1
DA:55,1
DA:56,1
DA:62,1
DA:64,1
DA:66,1
DA:68,1
DA:72,0
DA:76,3
LF:27
LH:17
BRDA:40,0,0,0
BRDA:40,0,1,0
BRDA:42,1,0,0
BRDA:42,1,1,0
BRDA:66,2,0,0
BRDA:66,2,1,1
BRF:6
BRH:1
end_of_record
TN:
SF:controllers\packageController.js
FN:3,(anonymous_0)
FN:14,(anonymous_1)
FN:32,(anonymous_2)
FN:54,(anonymous_3)
FN:87,(anonymous_4)
FNF:5
FNH:3
FNDA:1,(anonymous_0)
FNDA:1,(anonymous_1)
FNDA:1,(anonymous_2)
FNDA:0,(anonymous_3)
FNDA:0,(anonymous_4)
DA:1,3
DA:4,1
DA:5,1
DA:7,1
DA:9,1
DA:11,0
DA:15,1
DA:16,1
DA:18,1
DA:24,1
DA:26,1
DA:28,0
DA:33,1
DA:34,1
DA:36,1
DA:44,1
DA:46,1
DA:50,0
DA:55,0
DA:56,0
DA:57,0
DA:59,0
DA:61,0
DA:76,0
DA:78,0
DA:82,0
DA:83,0
DA:88,0
DA:89,0
DA:91,0
DA:97,0
DA:99,0
DA:101,0
DA:103,0
DA:107,0
DA:112,3
LF:36
LH:16
BRDA:7,0,0,0
BRDA:7,0,1,1
BRDA:24,1,0,0
BRDA:24,1,1,1
BRDA:44,2,0,0
BRDA:44,2,1,1
BRDA:76,3,0,0
BRDA:76,3,1,0
BRDA:101,4,0,0
BRDA:101,4,1,0
BRF:10
BRH:3
end_of_record
TN:
SF:controllers\paymentController.js
FN:8,(anonymous_0)
FN:43,(anonymous_1)
FNF:2
FNH:0
FNDA:0,(anonymous_0)
FNDA:0,(anonymous_1)
DA:1,3
DA:4,3
DA:5,3
DA:9,0
DA:11,0
DA:12,0
DA:14,0
DA:16,0
DA:18,0
DA:19,0
DA:22,0
DA:30,0
DA:38,0
DA:39,0
DA:44,0
DA:45,0
DA:47,0
DA:49,0
DA:50,0
DA:53,0
DA:54,0
DA:61,0
DA:65,0
DA:70,3
LF:24
LH:4
BRDA:18,0,0,0
BRDA:18,0,1,0
BRDA:49,1,0,0
BRDA:49,1,1,0
BRF:4
BRH:0
end_of_record
TN:
SF:controllers\roomController.js
FN:9,(anonymous_0)
FN:22,(anonymous_1)
FN:44,(anonymous_2)
FNF:3
FNH:0
FNDA:0,(anonymous_0)
FNDA:0,(anonymous_1)
FNDA:0,(anonymous_2)
DA:1,3
DA:2,3
DA:3,3
DA:10,0
DA:11,0
DA:15,0
DA:16,0
DA:18,0
DA:23,0
DA:24,0
DA:25,0
DA:37,0
DA:38,0
DA:40,0
DA:45,0
DA:46,0
DA:47,0
DA:51,0
DA:52,0
DA:54,0
DA:58,3
LF:21
LH:4
BRF:0
BRH:0
end_of_record
TN:
SF:controllers\userController.js
FN:6,(anonymous_0)
FN:9,(anonymous_1)
FN:19,(anonymous_2)
FN:36,(anonymous_3)
FN:58,(anonymous_4)
FN:92,(anonymous_5)
FN:121,(anonymous_6)
FNF:7
FNH:4
FNDA:0,(anonymous_0)
FNDA:0,(anonymous_1)
FNDA:0,(anonymous_2)
FNDA:6,(anonymous_3)
FNDA:3,(anonymous_4)
FNDA:1,(anonymous_5)
FNDA:1,(anonymous_6)
DA:1,3
DA:2,3
DA:3,3
DA:7,0
DA:8,0
DA:9,0
DA:10,0
DA:11,0
DA:13,0
DA:15,0
DA:20,0
DA:21,0
DA:22,0
DA:23,0
DA:32,0
DA:37,6
DA:38,6
DA:40,6
DA:49,1
DA:54,5
DA:59,3
DA:60,3
DA:62,3
DA:67,2
DA:68,1
DA:70,1
DA:75,1
DA:76,1
DA:84,0
DA:87,2
DA:88,2
DA:93,1
DA:94,1
DA:95,1
DA:97,1
DA:111,1
DA:113,1
DA:117,0
DA:122,1
DA:123,1
DA:125,1
DA:127,1
DA:128,0
DA:131,1
DA:135,1
DA:136,1
DA:142,0
DA:147,3
LF:48
LH:32
BRDA:67,0,0,1
BRDA:67,0,1,1
BRDA:75,1,0,1
BRDA:75,1,1,0
BRDA:111,2,0,0
BRDA:111,2,1,1
BRDA:127,3,0,0
BRDA:127,3,1,1
BRDA:135,4,0,1
BRDA:135,4,1,0
BRF:10
BRH:6
end_of_record
TN:
SF:helpers\bcrypt.js
FN:3,(anonymous_0)
FN:7,(anonymous_1)
FNF:2
FNH:2
FNDA:1,(anonymous_0)
FNDA:2,(anonymous_1)
DA:1,3
DA:3,3
DA:4,1
DA:7,3
DA:8,2
DA:10,3
LF:6
LH:6
BRF:0
BRH:0
end_of_record
TN:
SF:helpers\jwt.js
FN:4,(anonymous_0)
FN:8,(anonymous_1)
FNF:2
FNH:2
FNDA:4,(anonymous_0)
FNDA:13,(anonymous_1)
DA:1,3
DA:2,3
DA:4,3
DA:5,4
DA:8,3
DA:9,13
DA:12,3
LF:7
LH:7
BRDA:2,0,0,3
BRDA:2,0,1,0
BRF:2
BRH:1
end_of_record
TN:
SF:middlewares\Authentication.js
FN:4,Authentication
FNF:1
FNH:1
FNDA:8,Authentication
DA:1,3
DA:2,3
DA:5,8
DA:6,8
DA:10,8
DA:12,8
DA:16,8
DA:18,8
DA:29,6
DA:31,6
DA:38,6
DA:40,2
DA:44,3
LF:13
LH:13
BRDA:10,0,0,0
BRDA:10,0,1,8
BRDA:16,1,0,0
BRDA:16,1,1,8
BRDA:29,2,0,0
BRDA:29,2,1,6
BRF:6
BRH:3
end_of_record
TN:
SF:middlewares\Authorization.js
FN:4,(anonymous_0)
FNF:1
FNH:1
FNDA:5,(anonymous_0)
DA:1,3
DA:2,3
DA:4,3
DA:5,5
DA:6,5
DA:7,5
DA:8,0
DA:11,5
DA:12,5
DA:14,5
DA:15,0
DA:17,5
DA:23,0
DA:27,3
LF:14
LH:11
BRDA:7,0,0,0
BRDA:7,0,1,5
BRDA:14,1,0,0
BRDA:14,1,1,5
BRF:4
BRH:2
end_of_record
TN:
SF:middlewares\errorHandler.js
FN:1,(anonymous_0)
FNF:1
FNH:1
FNDA:9,(anonymous_0)
DA:1,3
DA:2,9
DA:3,9
DA:4,0
DA:7,9
DA:9,0
DA:12,9
DA:13,0
DA:16,9
DA:17,0
DA:20,9
DA:21,0
DA:24,9
DA:25,0
DA:29,9
DA:34,8
DA:35,8
DA:36,8
DA:37,5
DA:39,8
DA:40,1
DA:41,0
DA:44,1
DA:45,0
DA:48,1
DA:49,0
DA:52,1
DA:53,0
DA:56,1
DA:57,1
DA:60,0
DA:61,0
DA:66,0
DA:72,3
LF:34
LH:21
BRDA:3,0,0,0
BRDA:3,0,1,9
BRDA:7,1,0,0
BRDA:7,1,1,9
BRDA:7,2,0,9
BRDA:7,2,1,9
BRDA:12,3,0,0
BRDA:12,3,1,9
BRDA:16,4,0,0
BRDA:16,4,1,9
BRDA:20,5,0,0
BRDA:20,5,1,9
BRDA:24,6,0,0
BRDA:24,6,1,9
BRDA:29,7,0,8
BRDA:29,7,1,1
BRDA:30,8,0,9
BRDA:30,8,1,4
BRDA:30,8,2,4
BRDA:34,9,0,8
BRDA:34,9,1,3
BRDA:40,10,0,0
BRDA:40,10,1,1
BRDA:44,11,0,0
BRDA:44,11,1,1
BRDA:48,12,0,0
BRDA:48,12,1,1
BRDA:52,13,0,0
BRDA:52,13,1,1
BRDA:56,14,0,1
BRDA:56,14,1,0
BRDA:60,15,0,0
BRDA:60,15,1,0
BRF:33
BRH:20
end_of_record
TN:
SF:models\activity.js
FN:3,(anonymous_0)
FN:10,(anonymous_1)
FNF:2
FNH:2
FNDA:3,(anonymous_0)
FNDA:3,(anonymous_1)
DA:2,3
DA:3,3
DA:12,3
DA:13,3
DA:18,3
DA:62,3
LF:6
LH:6
BRF:0
BRH:0
end_of_record
TN:
SF:models\index.js
FN:21,(anonymous_0)
FN:29,(anonymous_1)
FN:34,(anonymous_2)
FNF:3
FNH:3
FNDA:18,(anonymous_0)
FNDA:15,(anonymous_1)
FNDA:15,(anonymous_2)
DA:3,3
DA:4,3
DA:5,3
DA:6,3
DA:7,3
DA:8,3
DA:9,3
DA:10,3
DA:13,3
DA:14,0
DA:16,3
DA:19,3
DA:22,18
DA:30,15
DA:31,15
DA:34,3
DA:35,15
DA:36,15
DA:40,3
DA:41,3
DA:43,3
LF:21
LH:20
BRDA:8,0,0,3
BRDA:8,0,1,0
BRDA:13,1,0,0
BRDA:13,1,1,3
BRDA:23,2,0,18
BRDA:23,2,1,18
BRDA:23,2,2,15
BRDA:23,2,3,15
BRDA:35,3,0,15
BRDA:35,3,1,0
BRF:10
BRH:7
end_of_record
TN:
SF:models\mentorschedule.js
FN:3,(anonymous_0)
FN:10,(anonymous_1)
FNF:2
FNH:2
FNDA:3,(anonymous_0)
FNDA:3,(anonymous_1)
DA:2,3
DA:3,3
DA:12,3
DA:13,3
DA:18,3
DA:32,3
LF:6
LH:6
BRF:0
BRH:0
end_of_record
TN:
SF:models\package.js
FN:3,(anonymous_0)
FN:10,(anonymous_1)
FNF:2
FNH:2
FNDA:3,(anonymous_0)
FNDA:3,(anonymous_1)
DA:2,3
DA:3,3
DA:12,3
DA:15,3
DA:55,3
LF:5
LH:5
BRF:0
BRH:0
end_of_record
TN:
SF:models\transaction.js
FN:3,(anonymous_0)
FN:10,(anonymous_1)
FNF:2
FNH:2
FNDA:3,(anonymous_0)
FNDA:3,(anonymous_1)
DA:2,3
DA:3,3
DA:12,3
DA:13,3
DA:16,3
DA:56,3
LF:6
LH:6
BRF:0
BRH:0
end_of_record
TN:
SF:models\user.js
FN:4,(anonymous_0)
FN:11,(anonymous_1)
FN:79,(anonymous_2)
FNF:3
FNH:3
FNDA:3,(anonymous_0)
FNDA:3,(anonymous_1)
FNDA:2,(anonymous_2)
DA:2,3
DA:3,3
DA:4,3
DA:13,3
DA:14,3
DA:15,3
DA:18,3
DA:79,3
DA:80,2
DA:82,3
LF:10
LH:10
BRF:0
BRH:0
end_of_record
TN:
SF:routers\activity.js
FNF:0
FNH:0
DA:1,3
DA:2,3
DA:3,3
DA:4,3
DA:6,3
DA:7,3
DA:9,3
LF:7
LH:7
BRF:0
BRH:0
end_of_record
TN:
SF:routers\index.js
FNF:0
FNH:0
DA:1,3
DA:2,3
DA:3,3
DA:4,3
DA:5,3
DA:6,3
DA:7,3
DA:8,3
DA:10,3
DA:11,3
DA:12,3
DA:13,3
DA:14,3
DA:15,3
DA:17,3
LF:15
LH:15
BRF:0
BRH:0
end_of_record
TN:
SF:routers\mentorSchedule.js
FNF:0
FNH:0
DA:1,3
DA:2,3
DA:3,3
DA:4,3
DA:6,3
DA:8,3
DA:10,3
DA:12,3
DA:13,3
DA:14,3
DA:20,3
LF:11
LH:11
BRF:0
BRH:0
end_of_record
TN:
SF:routers\packageRouter.js
FNF:0
FNH:0
DA:1,3
DA:2,3
DA:3,3
DA:4,3
DA:5,3
DA:7,3
DA:8,3
DA:10,3
DA:11,3
DA:13,3
DA:14,3
DA:15,3
DA:17,3
LF:13
LH:13
BRF:0
BRH:0
end_of_record
TN:
SF:routers\paymentRouter.js
FNF:0
FNH:0
DA:1,3
DA:2,3
DA:3,3
DA:5,3
DA:6,3
DA:7,3
LF:6
LH:6
BRF:0
BRH:0
end_of_record
TN:
SF:routers\roomRouter.js
FNF:0
FNH:0
DA:1,3
DA:2,3
DA:3,3
DA:4,3
DA:6,3
DA:7,3
DA:8,3
DA:9,3
DA:11,3
LF:9
LH:9
BRF:0
BRH:0
end_of_record
TN:
SF:routers\userRouter.js
FNF:0
FNH:0
DA:1,3
DA:2,3
DA:3,3
DA:4,3
DA:6,3
DA:7,3
DA:8,3
DA:9,3
DA:11,3
DA:12,3
DA:13,3
DA:14,3
DA:16,3
LF:13
LH:13
BRF:0
BRH:0
end_of_record
