TN:
SF:app.js
FNF:0
FNH:0
DA:1,6
DA:2,6
DA:3,6
DA:4,6
DA:5,6
DA:6,6
DA:8,6
DA:9,6
DA:10,6
DA:12,6
DA:13,6
DA:15,6
LF:12
LH:12
BRF:0
BRH:0
end_of_record
TN:
SF:controllers/activityController.js
FN:3,(anonymous_0)
FNF:1
FNH:1
FNDA:2,(anonymous_0)
DA:1,6
DA:4,2
DA:5,2
DA:7,2
DA:9,1
DA:11,1
DA:15,6
LF:7
LH:7
BRDA:7,0,0,1
BRDA:7,0,1,1
BRF:2
BRH:2
end_of_record
TN:
SF:controllers/mentorScheduleController.js
FN:4,(anonymous_0)
FN:24,(anonymous_1)
FN:42,(anonymous_2)
FN:61,(anonymous_3)
FNF:4
FNH:4
FNDA:2,(anonymous_0)
FNDA:4,(anonymous_1)
FNDA:2,(anonymous_2)
FNDA:2,(anonymous_3)
DA:1,6
DA:5,2
DA:6,2
DA:16,2
DA:18,1
DA:20,1
DA:25,4
DA:26,4
DA:27,4
DA:29,4
DA:31,3
DA:36,3
DA:38,1
DA:43,2
DA:44,2
DA:46,2
DA:48,2
DA:51,1
DA:53,1
DA:55,1
DA:57,1
DA:62,2
DA:63,2
DA:64,2
DA:70,2
DA:72,1
DA:74,1
DA:78,1
DA:82,6
LF:29
LH:29
BRDA:16,0,0,1
BRDA:16,0,1,1
BRDA:29,1,0,1
BRDA:29,1,1,3
BRDA:48,2,0,1
BRDA:48,2,1,1
BRDA:51,3,0,0
BRDA:51,3,1,1
BRDA:70,4,0,1
BRDA:70,4,1,1
BRF:10
BRH:9
end_of_record
TN:
SF:controllers/packageController.js
FN:3,(anonymous_0)
FN:14,(anonymous_1)
FN:32,(anonymous_2)
FN:51,(anonymous_3)
FN:86,(anonymous_4)
FNF:5
FNH:5
FNDA:2,(anonymous_0)
FNDA:2,(anonymous_1)
FNDA:2,(anonymous_2)
FNDA:2,(anonymous_3)
FNDA:2,(anonymous_4)
DA:1,6
DA:4,2
DA:5,2
DA:7,2
DA:9,1
DA:11,1
DA:15,2
DA:16,2
DA:18,2
DA:24,2
DA:26,1
DA:28,1
DA:33,2
DA:34,2
DA:36,2
DA:43,1
DA:47,1
DA:52,2
DA:53,2
DA:54,2
DA:56,2
DA:62,2
DA:64,1
DA:78,1
DA:82,1
DA:87,2
DA:88,2
DA:90,2
DA:96,2
DA:98,2
DA:100,2
DA:102,1
DA:106,1
DA:111,6
LF:34
LH:34
BRDA:7,0,0,1
BRDA:7,0,1,1
BRDA:24,1,0,1
BRDA:24,1,1,1
BRDA:62,2,0,1
BRDA:62,2,1,1
BRDA:100,3,0,1
BRDA:100,3,1,1
BRF:8
BRH:8
end_of_record
TN:
SF:controllers/paymentController.js
FN:8,(anonymous_0)
FN:42,(anonymous_1)
FNF:2
FNH:2
FNDA:3,(anonymous_0)
FNDA:2,(anonymous_1)
DA:1,6
DA:4,6
DA:5,6
DA:9,3
DA:10,3
DA:11,3
DA:12,3
DA:14,3
DA:16,3
DA:18,3
DA:19,1
DA:22,2
DA:30,2
DA:38,1
DA:43,2
DA:44,2
DA:46,2
DA:48,2
DA:49,1
DA:52,1
DA:53,1
DA:60,1
DA:64,1
DA:69,6
LF:24
LH:24
BRDA:18,0,0,1
BRDA:18,0,1,2
BRDA:48,1,0,1
BRDA:48,1,1,1
BRF:4
BRH:4
end_of_record
TN:
SF:controllers/roomController.js
FN:9,(anonymous_0)
FN:22,(anonymous_1)
FN:44,(anonymous_2)
FNF:3
FNH:3
FNDA:1,(anonymous_0)
FNDA:1,(anonymous_1)
FNDA:1,(anonymous_2)
DA:1,6
DA:2,6
DA:3,6
DA:10,1
DA:11,1
DA:15,1
DA:16,1
DA:18,0
DA:24,1
DA:25,1
DA:37,1
DA:38,1
DA:40,0
DA:45,1
DA:46,1
DA:47,1
DA:51,1
DA:52,1
DA:54,0
DA:58,6
LF:20
LH:17
BRF:0
BRH:0
end_of_record
TN:
SF:controllers/userController.js
FN:6,(anonymous_0)
FN:9,(anonymous_1)
FN:19,(anonymous_2)
FN:35,(anonymous_3)
FN:59,(anonymous_4)
FN:90,(anonymous_5)
FN:117,(anonymous_6)
FN:142,(anonymous_7)
FNF:8
FNH:8
FNDA:1,(anonymous_0)
FNDA:5,(anonymous_1)
FNDA:1,(anonymous_2)
FNDA:2,(anonymous_3)
FNDA:3,(anonymous_4)
FNDA:2,(anonymous_5)
FNDA:2,(anonymous_6)
FNDA:2,(anonymous_7)
DA:1,6
DA:2,6
DA:3,6
DA:7,1
DA:8,1
DA:9,1
DA:10,5
DA:11,5
DA:13,1
DA:15,0
DA:20,1
DA:21,1
DA:22,1
DA:31,0
DA:36,2
DA:38,2
DA:40,2
DA:50,1
DA:55,1
DA:60,3
DA:61,3
DA:63,3
DA:68,3
DA:69,2
DA:71,1
DA:76,1
DA:77,1
DA:86,2
DA:91,2
DA:92,2
DA:93,2
DA:94,2
DA:107,1
DA:109,1
DA:113,1
DA:118,2
DA:119,2
DA:121,2
DA:123,2
DA:124,1
DA:127,1
DA:131,1
DA:132,1
DA:138,1
DA:143,2
DA:144,2
DA:145,2
DA:147,2
DA:155,2
DA:156,1
DA:157,1
DA:160,1
DA:162,1
DA:163,1
DA:166,1
DA:167,1
DA:170,1
DA:171,1
DA:172,1
DA:173,1
DA:174,1
DA:178,0
DA:179,1
DA:183,0
DA:185,1
DA:186,1
DA:188,0
DA:193,6
LF:68
LH:63
BRDA:68,0,0,2
BRDA:68,0,1,1
BRDA:76,1,0,1
BRDA:76,1,1,0
BRDA:107,2,0,0
BRDA:107,2,1,1
BRDA:123,3,0,1
BRDA:123,3,1,1
BRDA:131,4,0,1
BRDA:131,4,1,0
BRDA:155,5,0,1
BRDA:155,5,1,1
BRDA:174,6,0,0
BRDA:174,6,1,1
BRDA:175,7,0,1
BRDA:175,7,1,1
BRDA:179,8,0,0
BRDA:179,8,1,1
BRDA:180,9,0,1
BRDA:180,9,1,0
BRF:20
BRH:14
end_of_record
TN:
SF:helpers/bcrypt.js
FN:3,(anonymous_0)
FN:7,(anonymous_1)
FNF:2
FNH:2
FNDA:1,(anonymous_0)
FNDA:6,(anonymous_1)
DA:1,6
DA:3,6
DA:4,1
DA:7,6
DA:8,6
DA:10,6
LF:6
LH:6
BRF:0
BRH:0
end_of_record
TN:
SF:helpers/jwt.js
FN:4,(anonymous_0)
FN:8,(anonymous_1)
FNF:2
FNH:2
FNDA:31,(anonymous_0)
FNDA:50,(anonymous_1)
DA:1,6
DA:2,6
DA:4,6
DA:5,31
DA:8,6
DA:9,50
DA:12,6
LF:7
LH:7
BRF:0
BRH:0
end_of_record
TN:
SF:middlewares/Authentication.js
FN:4,Authentication
FNF:1
FNH:1
FNDA:35,Authentication
DA:1,6
DA:2,6
DA:5,35
DA:6,35
DA:8,35
DA:10,34
DA:12,33
DA:18,33
DA:24,33
DA:26,2
DA:30,6
LF:11
LH:11
BRDA:8,0,0,1
BRDA:8,0,1,34
BRF:2
BRH:2
end_of_record
TN:
SF:middlewares/Authorization.js
FN:3,(anonymous_0)
FNF:1
FNH:1
FNDA:16,(anonymous_0)
DA:1,6
DA:3,6
DA:4,16
DA:5,16
DA:7,16
DA:8,2
DA:10,14
DA:13,2
DA:17,6
LF:9
LH:9
BRDA:7,0,0,2
BRDA:7,0,1,14
BRF:2
BRH:2
end_of_record
TN:
SF:middlewares/errorHandler.js
FN:1,(anonymous_0)
FNF:1
FNH:1
FNDA:21,(anonymous_0)
DA:1,6
DA:2,21
DA:3,21
DA:4,0
DA:7,21
DA:8,2
DA:11,19
DA:12,8
DA:15,11
DA:16,2
DA:19,9
DA:20,2
DA:23,7
DA:28,3
DA:29,3
DA:30,3
DA:31,3
DA:33,3
DA:34,4
DA:35,1
DA:38,3
DA:39,1
DA:42,2
DA:43,2
DA:47,0
DA:53,6
LF:26
LH:24
BRDA:3,0,0,0
BRDA:3,0,1,21
BRDA:7,1,0,2
BRDA:7,1,1,19
BRDA:7,2,0,21
BRDA:7,2,1,20
BRDA:11,3,0,8
BRDA:11,3,1,11
BRDA:15,4,0,2
BRDA:15,4,1,9
BRDA:19,5,0,2
BRDA:19,5,1,7
BRDA:23,6,0,3
BRDA:23,6,1,4
BRDA:24,7,0,7
BRDA:24,7,1,4
BRDA:24,7,2,4
BRDA:28,8,0,3
BRDA:28,8,1,0
BRDA:34,9,0,1
BRDA:34,9,1,3
BRDA:38,10,0,1
BRDA:38,10,1,2
BRDA:42,11,0,2
BRDA:42,11,1,0
BRF:25
BRH:22
end_of_record
TN:
SF:models/activity.js
FN:3,(anonymous_0)
FN:10,(anonymous_1)
FNF:2
FNH:2
FNDA:6,(anonymous_0)
FNDA:6,(anonymous_1)
DA:2,6
DA:3,6
DA:12,6
DA:13,6
DA:18,6
DA:62,6
LF:6
LH:6
BRF:0
BRH:0
end_of_record
TN:
SF:models/index.js
FN:21,(anonymous_0)
FN:29,(anonymous_1)
FN:34,(anonymous_2)
FNF:3
FNH:3
FNDA:36,(anonymous_0)
FNDA:30,(anonymous_1)
FNDA:30,(anonymous_2)
DA:3,6
DA:4,6
DA:5,6
DA:6,6
DA:7,6
DA:8,6
DA:9,6
DA:10,6
DA:13,6
DA:14,0
DA:16,6
DA:19,6
DA:22,36
DA:30,30
DA:31,30
DA:34,6
DA:35,30
DA:36,30
DA:40,6
DA:41,6
DA:43,6
LF:21
LH:20
BRDA:8,0,0,6
BRDA:8,0,1,0
BRDA:13,1,0,0
BRDA:13,1,1,6
BRDA:23,2,0,36
BRDA:23,2,1,36
BRDA:23,2,2,30
BRDA:23,2,3,30
BRDA:35,3,0,30
BRDA:35,3,1,0
BRF:10
BRH:7
end_of_record
TN:
SF:models/mentorschedule.js
FN:3,(anonymous_0)
FN:10,(anonymous_1)
FNF:2
FNH:2
FNDA:6,(anonymous_0)
FNDA:6,(anonymous_1)
DA:2,6
DA:3,6
DA:12,6
DA:13,6
DA:18,6
DA:32,6
LF:6
LH:6
BRF:0
BRH:0
end_of_record
TN:
SF:models/package.js
FN:3,(anonymous_0)
FN:10,(anonymous_1)
FNF:2
FNH:2
FNDA:6,(anonymous_0)
FNDA:6,(anonymous_1)
DA:2,6
DA:3,6
DA:12,6
DA:15,6
DA:55,6
LF:5
LH:5
BRF:0
BRH:0
end_of_record
TN:
SF:models/transaction.js
FN:3,(anonymous_0)
FN:10,(anonymous_1)
FNF:2
FNH:2
FNDA:6,(anonymous_0)
FNDA:6,(anonymous_1)
DA:2,6
DA:3,6
DA:12,6
DA:13,6
DA:16,6
DA:56,6
LF:6
LH:6
BRF:0
BRH:0
end_of_record
TN:
SF:models/user.js
FN:4,(anonymous_0)
FN:11,(anonymous_1)
FN:79,(anonymous_2)
FNF:3
FNH:3
FNDA:6,(anonymous_0)
FNDA:6,(anonymous_1)
FNDA:1,(anonymous_2)
DA:2,6
DA:3,6
DA:4,6
DA:13,6
DA:14,6
DA:15,6
DA:18,6
DA:79,6
DA:80,1
DA:82,6
LF:10
LH:10
BRF:0
BRH:0
end_of_record
TN:
SF:routers/activity.js
FNF:0
FNH:0
DA:1,6
DA:2,6
DA:3,6
DA:4,6
DA:6,6
DA:7,6
DA:9,6
LF:7
LH:7
BRF:0
BRH:0
end_of_record
TN:
SF:routers/index.js
FNF:0
FNH:0
DA:1,6
DA:2,6
DA:3,6
DA:4,6
DA:5,6
DA:6,6
DA:7,6
DA:8,6
DA:10,6
DA:11,6
DA:12,6
DA:13,6
DA:14,6
DA:15,6
DA:17,6
LF:15
LH:15
BRF:0
BRH:0
end_of_record
TN:
SF:routers/mentorSchedule.js
FNF:0
FNH:0
DA:1,6
DA:2,6
DA:3,6
DA:4,6
DA:6,6
DA:8,6
DA:10,6
DA:12,6
DA:13,6
DA:14,6
DA:20,6
LF:11
LH:11
BRF:0
BRH:0
end_of_record
TN:
SF:routers/packageRouter.js
FNF:0
FNH:0
DA:1,6
DA:2,6
DA:3,6
DA:4,6
DA:5,6
DA:7,6
DA:8,6
DA:10,6
DA:11,6
DA:13,6
DA:14,6
DA:15,6
DA:17,6
LF:13
LH:13
BRF:0
BRH:0
end_of_record
TN:
SF:routers/paymentRouter.js
FNF:0
FNH:0
DA:1,6
DA:2,6
DA:3,6
DA:5,6
DA:6,6
DA:7,6
LF:6
LH:6
BRF:0
BRH:0
end_of_record
TN:
SF:routers/roomRouter.js
FNF:0
FNH:0
DA:1,6
DA:2,6
DA:3,6
DA:4,6
DA:6,6
DA:7,6
DA:8,6
DA:9,6
DA:11,6
LF:9
LH:9
BRF:0
BRH:0
end_of_record
TN:
SF:routers/userRouter.js
FNF:0
FNH:0
DA:1,6
DA:2,6
DA:3,6
DA:4,6
DA:6,6
DA:7,6
DA:8,6
DA:9,6
DA:10,6
DA:11,6
DA:12,6
DA:13,6
DA:14,6
DA:15,6
DA:17,6
LF:15
LH:15
BRF:0
BRH:0
end_of_record
